2021-05-24 14:42:46,637 - START!!   init balance : 655844
2021-05-24 14:42:46,638 - while
2021-05-24 14:42:46,638 - status : standby
2021-05-24 14:43:24,854 - while
2021-05-24 14:43:24,855 - status : standby
2021-05-24 14:44:03,094 - while
2021-05-24 14:44:03,095 - status : standby
2021-05-24 14:44:41,209 - while
2021-05-24 14:44:41,209 - status : standby
2021-05-24 14:45:19,234 - while
2021-05-24 14:45:19,234 - status : standby
2021-05-24 14:45:57,146 - while
2021-05-24 14:45:57,147 - status : standby
2021-05-24 14:46:35,181 - while
2021-05-24 14:46:35,181 - status : standby
2021-05-24 14:47:13,254 - while
2021-05-24 14:47:13,254 - status : standby
2021-05-24 14:47:51,167 - while
2021-05-24 14:47:51,168 - status : standby
2021-05-24 14:48:29,133 - while
2021-05-24 14:48:29,133 - status : standby
2021-05-24 14:49:06,979 - while
2021-05-24 14:49:06,980 - status : standby
2021-05-24 14:49:45,040 - while
2021-05-24 14:49:45,040 - status : standby
2021-05-24 14:50:22,953 - while
2021-05-24 14:50:22,953 - status : standby
2021-05-24 14:51:00,834 - while
2021-05-24 14:51:00,834 - status : standby
2021-05-24 14:51:38,692 - while
2021-05-24 14:51:38,692 - status : standby
2021-05-24 14:52:16,417 - while
2021-05-24 14:52:16,417 - status : standby
2021-05-24 14:52:54,230 - while
2021-05-24 14:52:54,230 - status : standby
2021-05-24 14:53:32,290 - while
2021-05-24 14:53:32,290 - status : standby
2021-05-24 14:54:10,310 - while
2021-05-24 14:54:10,311 - status : standby
2021-05-24 14:54:48,089 - while
2021-05-24 14:54:48,089 - status : standby
2021-05-24 14:55:25,730 - while
2021-05-24 14:55:25,730 - status : standby
2021-05-24 14:56:03,400 - while
2021-05-24 14:56:03,400 - status : standby
2021-05-24 14:56:41,172 - while
2021-05-24 14:56:41,172 - status : standby
2021-05-24 14:57:19,308 - while
2021-05-24 14:57:19,308 - status : standby
2021-05-24 14:57:57,171 - while
2021-05-24 14:57:57,171 - status : standby
2021-05-24 14:58:35,396 - while
2021-05-24 14:58:35,396 - status : standby
2021-05-24 14:59:13,283 - while
2021-05-24 14:59:13,283 - status : standby
2021-05-24 14:59:51,177 - while
2021-05-24 14:59:51,177 - status : standby
2021-05-24 15:00:29,337 - while
2021-05-24 15:00:29,337 - status : standby
2021-05-24 15:01:07,636 - while
2021-05-24 15:01:07,637 - status : standby
2021-05-24 15:01:45,942 - while
2021-05-24 15:01:45,942 - status : standby
2021-05-24 15:02:24,527 - while
2021-05-24 15:02:24,527 - status : standby
2021-05-24 15:03:02,919 - while
2021-05-24 15:03:02,919 - status : standby
2021-05-24 15:03:41,570 - while
2021-05-24 15:03:41,570 - status : standby
2021-05-24 15:04:20,125 - while
2021-05-24 15:04:20,125 - status : standby
2021-05-24 15:04:58,236 - while
2021-05-24 15:04:58,237 - status : standby
2021-05-24 15:05:36,683 - while
2021-05-24 15:05:36,683 - status : standby
2021-05-24 15:06:14,791 - while
2021-05-24 15:06:14,792 - status : standby
2021-05-24 15:06:52,842 - while
2021-05-24 15:06:52,842 - status : standby
2021-05-24 15:07:30,914 - while
2021-05-24 15:07:30,914 - status : standby
2021-05-24 15:08:09,180 - while
2021-05-24 15:08:09,180 - status : standby
2021-05-24 15:08:47,468 - while
2021-05-24 15:08:47,469 - status : standby
2021-05-24 15:09:25,282 - while
2021-05-24 15:09:25,282 - status : standby
2021-05-24 15:10:03,188 - while
2021-05-24 15:10:03,188 - status : standby
2021-05-24 15:10:41,063 - while
2021-05-24 15:10:41,063 - status : standby
2021-05-24 15:11:19,200 - while
2021-05-24 15:11:19,200 - status : standby
2021-05-24 15:11:57,194 - while
2021-05-24 15:11:57,194 - status : standby
2021-05-24 15:12:35,318 - while
2021-05-24 15:12:35,319 - status : standby
2021-05-24 15:13:13,380 - while
2021-05-24 15:13:13,381 - status : standby
2021-05-24 15:13:51,231 - while
2021-05-24 15:13:51,231 - status : standby
2021-05-24 15:14:29,036 - while
2021-05-24 15:14:29,036 - status : standby
2021-05-24 15:15:06,938 - while
2021-05-24 15:15:06,938 - status : standby
2021-05-24 15:15:44,994 - while
2021-05-24 15:15:44,994 - status : standby
2021-05-24 15:16:22,986 - while
2021-05-24 15:16:22,986 - status : standby
2021-05-24 15:17:00,725 - while
2021-05-24 15:17:00,725 - status : standby
2021-05-24 15:17:38,635 - while
2021-05-24 15:17:38,635 - status : standby
2021-05-24 15:18:16,790 - while
2021-05-24 15:18:16,790 - status : standby
2021-05-24 15:18:55,104 - while
2021-05-24 15:18:55,104 - status : standby
2021-05-24 15:19:33,450 - while
2021-05-24 15:19:33,450 - status : standby
2021-05-24 15:20:11,744 - while
2021-05-24 15:20:11,745 - status : standby
2021-05-24 15:20:49,821 - while
2021-05-24 15:20:49,821 - status : standby
2021-05-24 15:21:27,839 - while
2021-05-24 15:21:27,840 - status : standby
2021-05-24 15:22:06,010 - while
2021-05-24 15:22:06,010 - status : standby
2021-05-24 15:22:43,961 - while
2021-05-24 15:22:43,961 - status : standby
2021-05-24 15:23:22,207 - while
2021-05-24 15:23:22,207 - status : standby
2021-05-24 15:24:00,551 - while
2021-05-24 15:24:00,551 - status : standby
2021-05-24 15:24:39,016 - while
2021-05-24 15:24:39,016 - status : standby
2021-05-24 15:25:17,318 - while
2021-05-24 15:25:17,319 - status : standby
2021-05-24 15:25:55,936 - while
2021-05-24 15:25:55,936 - status : standby
2021-05-24 15:26:34,315 - while
2021-05-24 15:26:34,316 - status : standby
2021-05-24 15:27:12,746 - while
2021-05-24 15:27:12,746 - status : standby
2021-05-24 15:27:51,105 - while
2021-05-24 15:27:51,105 - status : standby
2021-05-24 15:28:29,554 - while
2021-05-24 15:28:29,554 - status : standby
2021-05-24 15:29:08,029 - while
2021-05-24 15:29:08,029 - status : standby
2021-05-24 15:29:46,526 - while
2021-05-24 15:29:46,526 - status : standby
2021-05-24 15:30:25,208 - while
2021-05-24 15:30:25,208 - status : standby
2021-05-24 15:31:03,733 - while
2021-05-24 15:31:03,733 - status : standby
2021-05-24 15:31:42,532 - while
2021-05-24 15:31:42,532 - status : standby
2021-05-24 15:32:21,395 - while
2021-05-24 15:32:21,395 - status : standby
2021-05-24 15:33:00,673 - while
2021-05-24 15:33:00,673 - status : standby
2021-05-24 15:33:39,852 - while
2021-05-24 15:33:39,852 - status : standby
2021-05-24 15:34:19,021 - while
2021-05-24 15:34:19,021 - status : standby
2021-05-24 15:34:58,014 - while
2021-05-24 15:34:58,014 - status : standby
2021-05-24 15:35:36,853 - while
2021-05-24 15:35:36,853 - status : standby
2021-05-24 15:36:15,725 - while
2021-05-24 15:36:15,726 - status : standby
2021-05-24 15:36:54,678 - while
2021-05-24 15:36:54,678 - status : standby
2021-05-24 15:37:33,833 - while
2021-05-24 15:37:33,833 - status : standby
2021-05-24 15:38:12,898 - while
2021-05-24 15:38:12,898 - status : standby
2021-05-24 15:38:52,478 - while
2021-05-24 15:38:52,478 - status : standby
2021-05-24 15:39:31,713 - while
2021-05-24 15:39:31,713 - status : standby
2021-05-24 15:40:10,637 - while
2021-05-24 15:40:10,637 - status : standby
2021-05-24 15:40:49,620 - while
2021-05-24 15:40:49,620 - status : standby
2021-05-24 15:41:28,712 - while
2021-05-24 15:41:28,712 - status : standby
2021-05-24 15:42:07,827 - while
2021-05-24 15:42:07,827 - status : standby
2021-05-24 15:42:47,201 - while
2021-05-24 15:42:47,201 - status : standby
2021-05-24 15:43:26,431 - while
2021-05-24 15:43:26,432 - status : standby
2021-05-24 15:44:05,492 - while
2021-05-24 15:44:05,493 - status : standby
2021-05-24 15:44:44,602 - while
2021-05-24 15:44:44,602 - status : standby
2021-05-24 15:45:23,718 - while
2021-05-24 15:45:23,719 - status : standby
2021-05-24 15:46:02,450 - while
2021-05-24 15:46:02,451 - status : standby
2021-05-24 15:46:41,490 - while
2021-05-24 15:46:41,490 - status : standby
2021-05-24 15:47:20,798 - while
2021-05-24 15:47:20,798 - status : standby
2021-05-24 15:47:59,794 - while
2021-05-24 15:47:59,794 - status : standby
2021-05-24 15:48:38,647 - while
2021-05-24 15:48:38,647 - status : standby
2021-05-24 15:49:17,689 - while
2021-05-24 15:49:17,689 - status : standby
2021-05-24 15:49:56,844 - while
2021-05-24 15:49:56,844 - status : standby
2021-05-24 15:50:35,551 - while
2021-05-24 15:50:35,552 - status : standby
2021-05-24 15:51:14,211 - while
2021-05-24 15:51:14,211 - status : standby
2021-05-24 15:51:53,321 - while
2021-05-24 15:51:53,321 - status : standby
2021-05-24 15:52:32,184 - while
2021-05-24 15:52:32,184 - status : standby
2021-05-24 15:53:11,013 - while
2021-05-24 15:53:11,013 - status : standby
2021-05-24 15:53:49,746 - while
2021-05-24 15:53:49,746 - status : standby
2021-05-24 15:54:28,628 - while
2021-05-24 15:54:28,629 - status : standby
2021-05-24 15:55:07,727 - while
2021-05-24 15:55:07,727 - status : standby
2021-05-24 15:55:46,882 - while
2021-05-24 15:55:46,882 - status : standby
2021-05-24 15:56:25,877 - while
2021-05-24 15:56:25,877 - status : standby
2021-05-24 15:57:04,653 - while
2021-05-24 15:57:04,653 - status : standby
2021-05-24 15:57:43,731 - while
2021-05-24 15:57:43,731 - status : standby
2021-05-24 15:58:22,694 - while
2021-05-24 15:58:22,694 - status : standby
2021-05-24 15:59:01,397 - while
2021-05-24 15:59:01,397 - status : standby
2021-05-24 15:59:40,447 - while
2021-05-24 15:59:40,447 - status : standby
2021-05-24 16:00:20,170 - while
2021-05-24 16:00:20,171 - status : standby
2021-05-24 16:00:59,391 - while
2021-05-24 16:00:59,391 - status : standby
2021-05-24 16:01:38,656 - while
2021-05-24 16:01:38,657 - status : standby
2021-05-24 16:02:17,754 - while
2021-05-24 16:02:17,754 - status : standby
2021-05-24 16:02:56,882 - while
2021-05-24 16:02:56,882 - status : standby
2021-05-24 16:03:35,960 - while
2021-05-24 16:03:35,960 - status : standby
2021-05-24 16:04:15,051 - while
2021-05-24 16:04:15,051 - status : standby
2021-05-24 16:04:54,825 - while
2021-05-24 16:04:54,825 - status : standby
2021-05-24 16:05:34,909 - while
2021-05-24 16:05:34,910 - status : standby
2021-05-24 16:06:15,100 - while
2021-05-24 16:06:15,101 - status : standby
2021-05-24 16:06:55,144 - while
2021-05-24 16:06:55,145 - status : standby
2021-05-24 16:07:35,325 - while
2021-05-24 16:07:35,325 - status : standby
2021-05-24 16:08:16,066 - while
2021-05-24 16:08:16,066 - status : standby
2021-05-24 16:08:56,272 - while
2021-05-24 16:08:56,273 - status : standby
2021-05-24 16:09:36,386 - while
2021-05-24 16:09:36,386 - status : standby
2021-05-24 16:10:16,519 - while
2021-05-24 16:10:16,519 - status : standby
2021-05-24 16:10:56,862 - while
2021-05-24 16:10:56,862 - status : standby
2021-05-24 16:11:37,080 - while
2021-05-24 16:11:37,081 - status : standby
2021-05-24 16:12:17,235 - while
2021-05-24 16:12:17,235 - status : standby
2021-05-24 16:12:57,240 - while
2021-05-24 16:12:57,241 - status : standby
2021-05-24 16:13:37,323 - while
2021-05-24 16:13:37,323 - status : standby
2021-05-24 16:14:17,518 - while
2021-05-24 16:14:17,518 - status : standby
2021-05-24 16:14:57,222 - while
2021-05-24 16:14:57,222 - status : standby
2021-05-24 16:15:37,123 - while
2021-05-24 16:15:37,123 - status : standby
2021-05-24 16:16:17,349 - while
2021-05-24 16:16:17,349 - status : standby
2021-05-24 16:16:57,512 - while
2021-05-24 16:16:57,512 - status : standby
2021-05-24 16:17:37,568 - while
2021-05-24 16:17:37,568 - status : standby
2021-05-24 16:18:17,436 - while
2021-05-24 16:18:17,436 - status : standby
2021-05-24 16:18:57,393 - while
2021-05-24 16:18:57,393 - status : standby
2021-05-24 16:19:37,446 - while
2021-05-24 16:19:37,447 - status : standby
2021-05-24 16:20:17,336 - while
2021-05-24 16:20:17,336 - status : standby
2021-05-24 16:20:57,390 - while
2021-05-24 16:20:57,390 - status : standby
2021-05-24 16:21:37,638 - while
2021-05-24 16:21:37,638 - status : standby
2021-05-24 16:22:17,730 - while
2021-05-24 16:22:17,730 - status : standby
2021-05-24 16:22:57,789 - while
2021-05-24 16:22:57,789 - status : standby
2021-05-24 16:23:37,985 - while
2021-05-24 16:23:37,985 - status : standby
2021-05-24 16:24:17,973 - while
2021-05-24 16:24:17,974 - status : standby
2021-05-24 16:24:58,353 - while
2021-05-24 16:24:58,353 - status : standby
2021-05-24 16:25:38,682 - while
2021-05-24 16:25:38,682 - status : standby
2021-05-24 16:26:18,879 - while
2021-05-24 16:26:18,879 - status : standby
2021-05-24 16:26:58,830 - while
2021-05-24 16:26:58,831 - status : standby
2021-05-24 16:27:38,533 - while
2021-05-24 16:27:38,533 - status : standby
2021-05-24 16:28:18,381 - while
2021-05-24 16:28:18,382 - status : standby
2021-05-24 16:28:58,573 - while
2021-05-24 16:28:58,573 - status : standby
2021-05-24 16:29:38,338 - while
2021-05-24 16:29:38,338 - status : standby
2021-05-24 16:30:18,253 - while
2021-05-24 16:30:18,253 - status : standby
2021-05-24 16:30:58,112 - while
2021-05-24 16:30:58,112 - status : standby
2021-05-24 16:31:37,824 - while
2021-05-24 16:31:37,825 - status : standby
2021-05-24 16:32:17,251 - while
2021-05-24 16:32:17,251 - status : standby
2021-05-24 16:32:56,673 - while
2021-05-24 16:32:56,673 - status : standby
2021-05-24 16:33:36,143 - while
2021-05-24 16:33:36,143 - status : standby
2021-05-24 16:34:03,329 - target_ticker KRW-BCHA is found.
2021-05-24 16:34:05,422 - buy : 185802  ticker : KRW-BCHA
2021-05-24 16:34:05,422 - while
2021-05-24 16:34:05,422 - status : bought
2021-05-24 16:34:07,566 - ticker : KRW-BCHA   sell_limit_order : 32670
2021-05-24 16:34:09,301 - ticker : KRW-BCHA   sell_limit_order : 33300
2021-05-24 16:34:11,035 - ticker : KRW-BCHA   sell_limit_order : 33940
2021-05-24 16:34:12,768 - ticker : KRW-BCHA   sell_limit_order : 34890
2021-05-24 16:34:14,518 - ticker : KRW-BCHA   sell_limit_order : 38060
2021-05-24 16:34:16,241 - ticker : KRW-BCHA   sell_limit_order : 41230
2021-05-24 16:34:17,972 - ticker : KRW-BCHA   sell_limit_order : 47580
2021-05-24 16:34:19,690 - ticker : KRW-BCHA   sell_limit_order : 53920
2021-05-24 16:34:21,479 - ticker : KRW-BCHA   sell_limit_order : 57090
2021-05-24 16:34:23,218 - ticker : KRW-BCHA   sell_limit_order : 63440
2021-05-24 16:34:24,219 - sell_list[ticker] : ['5cf95f5d-a57e-4112-ba65-606ad45b78d3', '91ff0bdd-e3a9-4eca-bf95-24a2732d30ed', '2f3fd046-99ad-466a-b705-2613cb83bd3f', 'bcebcae7-4d0a-4e50-8ea5-69e419429b8f', '53d9743f-6ceb-4b83-99db-ac24a66dba2f', '45d6f080-ea36-4a7f-9f3e-139c82f36f4d', '2c81fdd2-2622-4afd-84e2-416c07fee9e1', 'a533d299-06f7-4a55-bc9a-cf822ac9f010', 'bae69ff1-54c8-4759-be65-33e5166abea6', 'd8fbb229-a6a2-4bd7-be52-2485b3735a35']
2021-05-24 16:34:24,950 - while
2021-05-24 16:34:24,950 - bought_list has KRW-BCHA
2021-05-24 16:36:33,650 - ref_price 31720.00000000 > check_price 31690.00000000
2021-05-24 16:36:33,651 - stop_loss KRW-BCHA
2021-05-24 16:36:33,651 - cancel_order
2021-05-24 16:36:35,342 - cancel_order
2021-05-24 16:36:37,034 - cancel_order
2021-05-24 16:36:38,724 - cancel_order
2021-05-24 16:36:40,413 - cancel_order
2021-05-24 16:36:42,107 - cancel_order
2021-05-24 16:36:43,843 - cancel_order
2021-05-24 16:36:45,562 - cancel_order
2021-05-24 16:36:47,261 - cancel_order
2021-05-24 16:36:48,950 - cancel_order
2021-05-24 16:37:01,376 - sell_market_order KRW-BCHA  target_balance : 4
2021-05-24 16:37:02,116 - while
2021-05-24 16:37:02,117 - status : standby
2021-05-24 16:37:10,251 - target_ticker KRW-VET is found.
2021-05-24 16:37:12,348 - buy : 183145  ticker : KRW-VET
2021-05-24 16:37:12,348 - while
2021-05-24 16:37:12,348 - status : bought
2021-05-24 16:37:30,787 - sell_list[ticker] : []
2021-05-24 16:37:31,502 - while
2021-05-24 16:37:31,502 - bought_list has KRW-VET
2021-05-24 16:37:32,160 - ref_price 128.00000000 > check_price 127.00000000
2021-05-24 16:37:32,161 - stop_loss KRW-VET
2021-05-24 16:37:42,885 - sell_market_order KRW-VET  target_balance : 1009
2021-05-24 16:37:43,625 - while
2021-05-24 16:37:43,626 - status : standby
2021-05-24 16:37:51,768 - target_ticker KRW-VET is found.
2021-05-24 16:37:53,928 - buy : 179738  ticker : KRW-VET
2021-05-24 16:37:53,928 - while
2021-05-24 16:37:53,928 - status : bought
2021-05-24 16:38:12,454 - sell_list[ticker] : []
2021-05-24 16:38:13,171 - while
2021-05-24 16:38:13,171 - bought_list has KRW-VET
2021-05-24 16:39:18,001 - ref_price 125.00000000 > check_price 125.00000000
2021-05-24 16:39:18,002 - stop_loss KRW-VET
2021-05-24 16:39:28,723 - sell_market_order KRW-VET  target_balance : 1008
2021-05-24 16:39:29,472 - while
2021-05-24 16:39:29,472 - status : standby
2021-05-24 16:40:09,344 - while
2021-05-24 16:40:09,344 - status : standby
2021-05-24 16:40:49,171 - while
2021-05-24 16:40:49,171 - status : standby
2021-05-24 16:41:29,263 - while
2021-05-24 16:41:29,263 - status : standby
2021-05-24 16:42:09,093 - while
2021-05-24 16:42:09,093 - status : standby
2021-05-24 16:42:49,248 - while
2021-05-24 16:42:49,248 - status : standby
2021-05-24 16:43:29,108 - while
2021-05-24 16:43:29,108 - status : standby
2021-05-24 16:44:09,349 - while
2021-05-24 16:44:09,350 - status : standby
2021-05-24 16:44:10,115 - target_ticker KRW-CRE is found.
2021-05-24 16:44:12,439 - buy : 178615  ticker : KRW-CRE
2021-05-24 16:44:12,440 - while
2021-05-24 16:44:12,440 - status : bought
2021-05-24 16:44:30,859 - sell_list[ticker] : []
2021-05-24 16:44:31,564 - while
2021-05-24 16:44:31,564 - bought_list has KRW-CRE
2021-05-24 16:44:32,227 - ref_price 10.50000000 > check_price 10.40000000
2021-05-24 16:44:32,227 - stop_loss KRW-CRE
2021-05-24 16:44:42,935 - sell_market_order KRW-CRE  target_balance : 11795
2021-05-24 16:44:43,687 - while
2021-05-24 16:44:43,688 - status : standby
2021-05-24 16:44:44,452 - target_ticker KRW-CRE is found.
2021-05-24 16:44:46,693 - buy : 173739  ticker : KRW-CRE
2021-05-24 16:44:46,693 - while
2021-05-24 16:44:46,694 - status : bought
2021-05-24 16:45:06,120 - sell_list[ticker] : []
2021-05-24 16:45:06,866 - while
2021-05-24 16:45:06,866 - bought_list has KRW-CRE
2021-05-24 16:48:09,064 - ref_price 10.30000000 > check_price 10.30000000
2021-05-24 16:48:09,064 - stop_loss KRW-CRE
2021-05-24 16:48:19,781 - sell_market_order KRW-CRE  target_balance : 11925
2021-05-24 16:48:20,532 - while
2021-05-24 16:48:20,532 - status : standby
2021-05-24 16:49:00,826 - while
2021-05-24 16:49:00,827 - status : standby
2021-05-24 16:49:41,339 - while
2021-05-24 16:49:41,339 - status : standby
2021-05-24 16:50:21,535 - while
2021-05-24 16:50:21,535 - status : standby
2021-05-24 16:51:01,590 - while
2021-05-24 16:51:01,590 - status : standby
2021-05-24 16:51:41,627 - while
2021-05-24 16:51:41,627 - status : standby
2021-05-24 16:52:21,937 - while
2021-05-24 16:52:21,937 - status : standby
2021-05-24 16:53:02,134 - while
2021-05-24 16:53:02,134 - status : standby
2021-05-24 16:53:42,933 - while
2021-05-24 16:53:42,933 - status : standby
2021-05-24 16:54:23,314 - while
2021-05-24 16:54:23,314 - status : standby
2021-05-24 16:54:31,574 - target_ticker KRW-VET is found.
2021-05-24 16:54:33,699 - buy : 605028  ticker : KRW-VET
2021-05-24 16:54:33,699 - while
2021-05-24 16:54:33,699 - status : bought
2021-05-24 16:54:52,197 - sell_list[ticker] : []
2021-05-24 16:54:52,905 - while
2021-05-24 16:54:52,905 - bought_list has KRW-VET
2021-05-24 16:55:04,232 - ref_price 131.00000000 > check_price 131.00000000
2021-05-24 16:55:04,232 - stop_loss KRW-VET
2021-05-24 16:55:14,941 - sell_market_order KRW-VET  target_balance : 3218
2021-05-24 16:55:15,737 - while
2021-05-24 16:55:15,737 - status : standby
2021-05-24 16:55:56,133 - while
2021-05-24 16:55:56,133 - status : standby
2021-05-24 16:56:36,655 - while
2021-05-24 16:56:36,655 - status : standby
2021-05-24 16:57:16,786 - while
2021-05-24 16:57:16,786 - status : standby
2021-05-24 16:57:57,168 - while
2021-05-24 16:57:57,168 - status : standby
2021-05-24 16:58:37,521 - while
2021-05-24 16:58:37,521 - status : standby
2021-05-24 16:59:17,751 - while
2021-05-24 16:59:17,751 - status : standby
2021-05-24 16:59:58,023 - while
2021-05-24 16:59:58,023 - status : standby
