2021-05-31 17:19:42,251 - START!!   init balance : 2237338
2021-05-31 17:19:42,948 - red_cnt : 1   blue_cnt : 0
2021-05-31 17:20:03,607 - skip
2021-05-31 17:21:04,928 - red_cnt : 2   blue_cnt : 0
2021-05-31 17:22:06,237 - red_cnt : 3   blue_cnt : 0
2021-05-31 17:23:08,354 - red_cnt : 4   blue_cnt : 0
2021-05-31 17:24:09,803 - red_cnt : 5   blue_cnt : 0
2021-05-31 17:25:01,349 - red_cnt : 0   blue_cnt : 1
2021-05-31 17:26:02,795 - red_cnt : 1   blue_cnt : 0
2021-05-31 17:27:04,636 - red_cnt : 0   blue_cnt : 1
2021-05-31 17:28:05,950 - red_cnt : 0   blue_cnt : 2
2021-05-31 17:29:08,991 - red_cnt : 0   blue_cnt : 3
2021-05-31 17:30:10,717 - skip
2021-05-31 17:31:01,709 - red_cnt : 1   blue_cnt : 0
2021-05-31 17:32:03,697 - red_cnt : 2   blue_cnt : 0
2021-05-31 17:33:05,285 - red_cnt : 3   blue_cnt : 0
2021-05-31 17:34:06,994 - red_cnt : 4   blue_cnt : 0
2021-05-31 17:35:09,101 - red_cnt : 0   blue_cnt : 1
2021-05-31 17:36:10,954 - red_cnt : 0   blue_cnt : 2
2021-05-31 17:37:04,043 - red_cnt : 0   blue_cnt : 3
2021-05-31 17:38:06,012 - red_cnt : 1   blue_cnt : 0
2021-05-31 17:39:07,984 - skip
2021-05-31 17:40:10,494 - red_cnt : 2   blue_cnt : 0
2021-05-31 17:41:02,289 - red_cnt : 0   blue_cnt : 1
2021-05-31 17:42:04,129 - red_cnt : 0   blue_cnt : 2
2021-05-31 17:43:05,303 - red_cnt : 0   blue_cnt : 3
2021-05-31 17:44:06,903 - red_cnt : 0   blue_cnt : 4
2021-05-31 17:44:06,903 - buy_ready -  red_cnt : 0   blue_cnt : 4
2021-05-31 17:49:36,835 - bought - buy_price : 78240.000000   buy_balance : 2237338.615030
2021-05-31 17:49:42,028 - red_cnt : 1   blue_cnt : 0
2021-05-31 17:50:02,405 - red_cnt : 0   blue_cnt : 1
2021-05-31 17:51:03,582 - red_cnt : 1   blue_cnt : 0
2021-05-31 17:52:05,156 - red_cnt : 0   blue_cnt : 1
2021-05-31 17:53:06,857 - red_cnt : 0   blue_cnt : 2
2021-05-31 17:54:08,433 - red_cnt : 0   blue_cnt : 3
2021-05-31 17:55:10,014 - skip
2021-05-31 17:56:11,447 - red_cnt : 1   blue_cnt : 0
2021-05-31 17:57:03,097 - red_cnt : 0   blue_cnt : 1
2021-05-31 17:58:05,728 - red_cnt : 1   blue_cnt : 0
2021-05-31 17:59:08,762 - red_cnt : 2   blue_cnt : 0
2021-05-31 18:00:10,732 - red_cnt : 0   blue_cnt : 1
2021-05-31 18:01:01,859 - red_cnt : 1   blue_cnt : 0
2021-05-31 18:02:03,162 - red_cnt : 0   blue_cnt : 1
2021-05-31 18:03:04,881 - red_cnt : 0   blue_cnt : 2
2021-05-31 18:04:06,048 - red_cnt : 0   blue_cnt : 3
2021-05-31 18:05:07,757 - red_cnt : 0   blue_cnt : 4
2021-05-31 18:06:09,074 - red_cnt : 1   blue_cnt : 0
2021-05-31 18:07:11,060 - red_cnt : 2   blue_cnt : 0
2021-05-31 18:08:02,175 - red_cnt : 0   blue_cnt : 1
2021-05-31 18:09:04,563 - skip
2021-05-31 18:10:06,808 - red_cnt : 0   blue_cnt : 2
2021-05-31 18:11:08,910 - red_cnt : 1   blue_cnt : 0
2021-05-31 18:12:10,619 - red_cnt : 2   blue_cnt : 0
2021-05-31 18:13:01,726 - red_cnt : 0   blue_cnt : 1
2021-05-31 18:14:03,951 - red_cnt : 1   blue_cnt : 0
2021-05-31 18:15:06,192 - red_cnt : 0   blue_cnt : 1
2021-05-31 18:16:07,780 - red_cnt : 1   blue_cnt : 0
2021-05-31 18:17:09,232 - red_cnt : 0   blue_cnt : 1
2021-05-31 18:18:11,222 - red_cnt : 1   blue_cnt : 0
2021-05-31 18:19:02,485 - red_cnt : 0   blue_cnt : 1
2021-05-31 18:20:04,583 - red_cnt : 0   blue_cnt : 2
2021-05-31 18:21:06,034 - red_cnt : 1   blue_cnt : 0
2021-05-31 18:22:07,602 - red_cnt : 2   blue_cnt : 0
2021-05-31 18:23:09,973 - red_cnt : 3   blue_cnt : 0
2021-05-31 18:24:11,940 - red_cnt : 4   blue_cnt : 0
2021-05-31 18:24:11,940 - sell_ready -  red_cnt : 4   blue_cnt : 0
2021-05-31 18:26:25,885 - sell -   ticker_price : 78810.000000   sell_balance : 2247683.980524  profit : 0.004624   total_profit : 0.004624
2021-05-31 18:26:31,350 - red_cnt : 1   blue_cnt : 0
2021-05-31 18:27:02,342 - skip
2021-05-31 18:28:03,792 - red_cnt : 0   blue_cnt : 1
2021-05-31 18:29:05,622 - skip
2021-05-31 18:30:07,597 - red_cnt : 1   blue_cnt : 0
2021-05-31 18:31:09,447 - red_cnt : 2   blue_cnt : 0
2021-05-31 18:32:01,366 - red_cnt : 0   blue_cnt : 1
2021-05-31 18:33:03,068 - red_cnt : 0   blue_cnt : 2
2021-05-31 18:34:04,650 - red_cnt : 1   blue_cnt : 0
2021-05-31 18:35:07,292 - red_cnt : 2   blue_cnt : 0
2021-05-31 18:36:09,537 - red_cnt : 0   blue_cnt : 1
2021-05-31 18:37:00,908 - red_cnt : 0   blue_cnt : 2
2021-05-31 18:38:02,493 - red_cnt : 1   blue_cnt : 0
2021-05-31 18:39:03,930 - red_cnt : 0   blue_cnt : 1
2021-05-31 18:40:05,106 - red_cnt : 0   blue_cnt : 2
2021-05-31 18:41:07,350 - red_cnt : 0   blue_cnt : 3
2021-05-31 18:42:09,052 - red_cnt : 0   blue_cnt : 4
2021-05-31 18:42:09,052 - buy_ready -  red_cnt : 0   blue_cnt : 4
2021-05-31 18:55:21,067 - bought - buy_price : 78420.000000   buy_balance : 2247683.980524
2021-05-31 18:55:26,257 - red_cnt : 1   blue_cnt : 0
2021-05-31 18:56:07,715 - red_cnt : 2   blue_cnt : 0
2021-05-31 18:57:09,958 - skip
2021-05-31 18:58:01,458 - red_cnt : 3   blue_cnt : 0
2021-05-31 18:59:03,023 - red_cnt : 0   blue_cnt : 1
2021-05-31 19:00:04,870 - red_cnt : 0   blue_cnt : 2
2021-05-31 19:01:06,053 - red_cnt : 1   blue_cnt : 0
2021-05-31 19:02:08,835 - skip
2021-05-31 19:03:10,808 - red_cnt : 2   blue_cnt : 0
2021-05-31 19:04:02,334 - red_cnt : 3   blue_cnt : 0
2021-05-31 19:05:04,172 - red_cnt : 4   blue_cnt : 0
2021-05-31 19:05:04,172 - sell_ready -  red_cnt : 4   blue_cnt : 0
2021-05-31 19:07:29,008 - sell -   ticker_price : 79040.000000   sell_balance : 2262324.080691  profit : 0.006513   total_profit : 0.011137
2021-05-31 19:07:34,734 - skip
2021-05-31 19:08:05,457 - red_cnt : 0   blue_cnt : 1
2021-05-31 19:09:07,849 - skip
2021-05-31 19:10:09,561 - skip
2021-05-31 19:11:01,875 - skip
2021-05-31 19:12:03,636 - red_cnt : 1   blue_cnt : 0
2021-05-31 19:13:05,075 - red_cnt : 2   blue_cnt : 0
2021-05-31 19:14:06,769 - red_cnt : 3   blue_cnt : 0
2021-05-31 19:15:08,597 - red_cnt : 4   blue_cnt : 0
2021-05-31 19:16:10,844 - red_cnt : 5   blue_cnt : 0
2021-05-31 19:17:02,632 - red_cnt : 0   blue_cnt : 1
2021-05-31 19:18:04,593 - red_cnt : 1   blue_cnt : 0
2021-05-31 19:19:06,561 - red_cnt : 0   blue_cnt : 1
2021-05-31 19:20:07,722 - skip
2021-05-31 19:21:09,175 - red_cnt : 1   blue_cnt : 0
2021-05-31 19:22:00,819 - red_cnt : 2   blue_cnt : 0
2021-05-31 19:23:02,556 - red_cnt : 0   blue_cnt : 1
2021-05-31 19:24:04,945 - red_cnt : 0   blue_cnt : 2
2021-05-31 19:25:07,047 - red_cnt : 1   blue_cnt : 0
2021-05-31 19:26:08,762 - red_cnt : 0   blue_cnt : 1
2021-05-31 19:27:10,083 - red_cnt : 1   blue_cnt : 0
2021-05-31 19:28:01,201 - red_cnt : 0   blue_cnt : 1
2021-05-31 19:29:03,978 - red_cnt : 1   blue_cnt : 0
2021-05-31 19:30:05,702 - red_cnt : 2   blue_cnt : 0
2021-05-31 19:31:07,807 - red_cnt : 0   blue_cnt : 1
2021-05-31 19:32:09,900 - red_cnt : 0   blue_cnt : 2
2021-05-31 19:33:01,541 - red_cnt : 1   blue_cnt : 0
2021-05-31 19:34:03,933 - red_cnt : 0   blue_cnt : 1
2021-05-31 19:35:05,514 - red_cnt : 1   blue_cnt : 0
2021-05-31 19:36:07,349 - red_cnt : 2   blue_cnt : 0
2021-05-31 19:37:08,793 - red_cnt : 0   blue_cnt : 1
2021-05-31 19:38:10,893 - red_cnt : 1   blue_cnt : 0
2021-05-31 19:39:02,021 - skip
2021-05-31 19:40:03,486 - red_cnt : 2   blue_cnt : 0
2021-05-31 19:41:05,454 - red_cnt : 3   blue_cnt : 0
2021-05-31 19:42:07,439 - red_cnt : 4   blue_cnt : 0
2021-05-31 19:43:09,409 - skip
2021-05-31 19:44:00,517 - red_cnt : 0   blue_cnt : 1
2021-05-31 19:45:02,485 - red_cnt : 1   blue_cnt : 0
2021-05-31 19:46:03,794 - red_cnt : 0   blue_cnt : 1
2021-05-31 19:47:04,979 - red_cnt : 1   blue_cnt : 0
2021-05-31 19:48:06,963 - red_cnt : 2   blue_cnt : 0
2021-05-31 19:49:09,069 - red_cnt : 0   blue_cnt : 1
2021-05-31 19:50:10,580 - red_cnt : 1   blue_cnt : 0
2021-05-31 19:51:01,843 - red_cnt : 0   blue_cnt : 1
2021-05-31 19:52:03,176 - red_cnt : 0   blue_cnt : 2
2021-05-31 19:53:04,637 - red_cnt : 0   blue_cnt : 3
2021-05-31 19:54:06,088 - red_cnt : 0   blue_cnt : 4
2021-05-31 19:54:06,089 - buy_ready -  red_cnt : 0   blue_cnt : 4
2021-05-31 19:57:16,651 - bought - buy_price : 80980.000000   buy_balance : 2262324.080691
2021-05-31 19:57:21,982 - red_cnt : 1   blue_cnt : 0
2021-05-31 19:58:03,574 - red_cnt : 2   blue_cnt : 0
2021-05-31 19:59:05,682 - red_cnt : 0   blue_cnt : 1
2021-05-31 20:00:07,664 - red_cnt : 0   blue_cnt : 2
2021-05-31 20:01:09,398 - red_cnt : 1   blue_cnt : 0
2021-05-31 20:02:10,859 - red_cnt : 2   blue_cnt : 0
2021-05-31 20:03:02,514 - red_cnt : 0   blue_cnt : 1
2021-05-31 20:04:04,225 - red_cnt : 0   blue_cnt : 2
2021-05-31 20:05:06,205 - red_cnt : 0   blue_cnt : 3
2021-05-31 20:06:07,929 - skip
2021-05-31 20:07:09,657 - red_cnt : 0   blue_cnt : 4
2021-05-31 20:08:01,853 - red_cnt : 1   blue_cnt : 0
2021-05-31 20:09:03,960 - red_cnt : 0   blue_cnt : 1
2021-05-31 20:10:05,950 - red_cnt : 1   blue_cnt : 0
2021-05-31 20:11:07,542 - red_cnt : 2   blue_cnt : 0
2021-05-31 20:12:09,271 - red_cnt : 0   blue_cnt : 1
2021-05-31 20:13:10,600 - red_cnt : 1   blue_cnt : 0
2021-05-31 20:14:01,858 - red_cnt : 2   blue_cnt : 0
2021-05-31 20:15:04,102 - red_cnt : 0   blue_cnt : 1
2021-05-31 20:16:06,219 - red_cnt : 1   blue_cnt : 0
2021-05-31 20:17:08,455 - red_cnt : 0   blue_cnt : 1
2021-05-31 20:18:09,641 - skip
2021-05-31 20:19:00,763 - red_cnt : 0   blue_cnt : 2
2021-05-31 20:20:02,473 - red_cnt : 1   blue_cnt : 0
2021-05-31 20:21:04,462 - red_cnt : 2   blue_cnt : 0
2021-05-31 20:22:06,316 - red_cnt : 0   blue_cnt : 1
2021-05-31 20:23:08,454 - red_cnt : 1   blue_cnt : 0
2021-05-31 20:24:09,765 - red_cnt : 2   blue_cnt : 0
2021-05-31 20:25:11,353 - red_cnt : 0   blue_cnt : 1
2021-05-31 20:26:02,345 - red_cnt : 0   blue_cnt : 2
2021-05-31 20:27:04,182 - red_cnt : 1   blue_cnt : 0
2021-05-31 20:28:05,509 - red_cnt : 2   blue_cnt : 0
2021-05-31 20:29:06,698 - skip
2021-05-31 20:30:08,544 - skip
2021-05-31 20:31:10,527 - red_cnt : 3   blue_cnt : 0
2021-05-31 20:32:02,735 - red_cnt : 0   blue_cnt : 1
2021-05-31 20:33:04,579 - red_cnt : 1   blue_cnt : 0
2021-05-31 20:34:06,301 - red_cnt : 2   blue_cnt : 0
2021-05-31 20:35:08,027 - red_cnt : 3   blue_cnt : 0
2021-05-31 20:36:09,879 - red_cnt : 4   blue_cnt : 0
2021-05-31 20:36:09,879 - sell_ready -  red_cnt : 4   blue_cnt : 0
2021-05-31 20:42:27,841 - sell -   ticker_price : 80910.000000   sell_balance : 2256465.641608  profit : -0.002590   total_profit : 0.008548
2021-05-31 20:42:33,164 - red_cnt : 0   blue_cnt : 1
2021-05-31 20:43:04,022 - red_cnt : 0   blue_cnt : 2
2021-05-31 20:44:05,876 - red_cnt : 0   blue_cnt : 3
2021-05-31 20:45:07,065 - red_cnt : 0   blue_cnt : 4
2021-05-31 20:45:07,065 - buy_ready -  red_cnt : 0   blue_cnt : 4
2021-05-31 20:49:23,218 - bought - buy_price : 79620.000000   buy_balance : 2256465.641608
2021-05-31 20:49:28,416 - skip
2021-05-31 20:50:09,208 - red_cnt : 1   blue_cnt : 0
2021-05-31 20:51:11,435 - red_cnt : 0   blue_cnt : 1
2021-05-31 20:52:03,088 - red_cnt : 1   blue_cnt : 0
2021-05-31 20:53:04,409 - red_cnt : 2   blue_cnt : 0
2021-05-31 20:54:06,007 - red_cnt : 0   blue_cnt : 1
2021-05-31 20:55:08,118 - red_cnt : 1   blue_cnt : 0
2021-05-31 20:56:09,686 - red_cnt : 0   blue_cnt : 1
2021-05-31 20:57:11,270 - red_cnt : 0   blue_cnt : 2
2021-05-31 20:58:03,043 - red_cnt : 0   blue_cnt : 3
2021-05-31 20:59:04,497 - skip
2021-05-31 21:00:06,483 - red_cnt : 0   blue_cnt : 4
2021-05-31 21:01:08,489 - red_cnt : 1   blue_cnt : 0
2021-05-31 21:02:10,080 - red_cnt : 0   blue_cnt : 1
2021-05-31 21:03:01,865 - red_cnt : 1   blue_cnt : 0
2021-05-31 21:04:03,308 - skip
2021-05-31 21:05:04,495 - red_cnt : 2   blue_cnt : 0
2021-05-31 21:06:05,674 - red_cnt : 3   blue_cnt : 0
2021-05-31 21:07:07,929 - red_cnt : 4   blue_cnt : 0
2021-05-31 21:07:07,929 - sell_ready -  red_cnt : 4   blue_cnt : 0
2021-05-31 21:11:29,616 - sell -   ticker_price : 79880.000000   sell_balance : 2261622.382213  profit : 0.002285   total_profit : 0.010833
2021-05-31 21:11:35,340 - red_cnt : 1   blue_cnt : 0
2021-05-31 21:12:06,068 - red_cnt : 0   blue_cnt : 1
2021-05-31 21:13:07,405 - red_cnt : 0   blue_cnt : 2
2021-05-31 21:14:08,857 - red_cnt : 1   blue_cnt : 0
2021-05-31 21:15:11,101 - red_cnt : 2   blue_cnt : 0
2021-05-31 21:16:02,365 - red_cnt : 0   blue_cnt : 1
2021-05-31 21:17:04,602 - red_cnt : 0   blue_cnt : 2
2021-05-31 21:18:06,055 - red_cnt : 0   blue_cnt : 3
2021-05-31 21:19:08,048 - red_cnt : 0   blue_cnt : 4
2021-05-31 21:19:08,048 - buy_ready -  red_cnt : 0   blue_cnt : 4
2021-05-31 21:25:22,564 - bought - buy_price : 79910.000000   buy_balance : 2261622.382213
2021-05-31 21:25:27,759 - skip
2021-05-31 21:26:09,863 - red_cnt : 1   blue_cnt : 0
2021-05-31 21:27:01,251 - red_cnt : 0   blue_cnt : 1
2021-05-31 21:28:02,448 - red_cnt : 0   blue_cnt : 2
2021-05-31 21:29:03,907 - red_cnt : 0   blue_cnt : 3
2021-05-31 21:30:05,240 - red_cnt : 1   blue_cnt : 0
2021-05-31 21:31:06,439 - red_cnt : 0   blue_cnt : 1
2021-05-31 21:32:07,608 - red_cnt : 0   blue_cnt : 2
2021-05-31 21:33:09,316 - red_cnt : 0   blue_cnt : 3
2021-05-31 21:34:10,751 - red_cnt : 0   blue_cnt : 4
2021-05-31 21:35:01,882 - red_cnt : 1   blue_cnt : 0
2021-05-31 21:36:03,342 - red_cnt : 2   blue_cnt : 0
2021-05-31 21:37:04,661 - red_cnt : 0   blue_cnt : 1
2021-05-31 21:38:05,988 - skip
2021-05-31 21:39:07,968 - red_cnt : 0   blue_cnt : 2
2021-05-31 21:40:09,294 - red_cnt : 0   blue_cnt : 3
2021-05-31 21:41:00,950 - red_cnt : 0   blue_cnt : 4
2021-05-31 21:42:02,817 - red_cnt : 1   blue_cnt : 0
2021-05-31 21:43:04,400 - red_cnt : 2   blue_cnt : 0
2021-05-31 21:44:06,106 - red_cnt : 0   blue_cnt : 1
2021-05-31 21:45:07,962 - skip
2021-05-31 21:46:09,419 - red_cnt : 1   blue_cnt : 0
2021-05-31 21:47:00,667 - red_cnt : 2   blue_cnt : 0
2021-05-31 21:48:02,639 - skip
2021-05-31 21:49:04,751 - red_cnt : 0   blue_cnt : 1
2021-05-31 21:50:06,218 - red_cnt : 1   blue_cnt : 0
2021-05-31 21:51:07,410 - red_cnt : 2   blue_cnt : 0
2021-05-31 21:52:09,134 - red_cnt : 0   blue_cnt : 1
2021-05-31 21:53:10,599 - red_cnt : 1   blue_cnt : 0
2021-05-31 21:54:02,277 - red_cnt : 0   blue_cnt : 1
2021-05-31 21:55:03,871 - red_cnt : 0   blue_cnt : 2
2021-05-31 21:56:05,326 - red_cnt : 1   blue_cnt : 0
2021-05-31 21:57:06,775 - red_cnt : 0   blue_cnt : 1
2021-05-31 21:58:08,490 - red_cnt : 0   blue_cnt : 2
2021-05-31 21:59:10,587 - red_cnt : 1   blue_cnt : 0
2021-05-31 22:00:02,394 - red_cnt : 2   blue_cnt : 0
2021-05-31 22:01:04,527 - red_cnt : 3   blue_cnt : 0
2021-05-31 22:02:06,644 - red_cnt : 0   blue_cnt : 1
2021-05-31 22:03:08,507 - red_cnt : 1   blue_cnt : 0
2021-05-31 22:04:09,827 - skip
2021-05-31 22:05:01,790 - red_cnt : 0   blue_cnt : 1
2021-05-31 22:06:03,121 - red_cnt : 1   blue_cnt : 0
2021-05-31 22:07:04,705 - red_cnt : 0   blue_cnt : 1
2021-05-31 22:08:06,947 - red_cnt : 1   blue_cnt : 0
2021-05-31 22:09:08,263 - red_cnt : 2   blue_cnt : 0
2021-05-31 22:10:09,602 - red_cnt : 3   blue_cnt : 0
2021-05-31 22:11:11,587 - red_cnt : 4   blue_cnt : 0
2021-05-31 22:11:11,587 - sell_ready -  red_cnt : 4   blue_cnt : 0
2021-05-31 22:12:28,555 - sell -   ticker_price : 79250.000000   sell_balance : 2240104.380102  profit : -0.009514   total_profit : 0.001319
2021-05-31 22:12:34,408 - red_cnt : 1   blue_cnt : 0
2021-05-31 22:13:05,677 - red_cnt : 2   blue_cnt : 0
2021-05-31 22:14:07,131 - red_cnt : 0   blue_cnt : 1
2021-05-31 22:15:09,258 - red_cnt : 0   blue_cnt : 2
2021-05-31 22:16:11,633 - red_cnt : 1   blue_cnt : 0
2021-05-31 22:17:03,154 - red_cnt : 2   blue_cnt : 0
2021-05-31 22:18:04,609 - red_cnt : 0   blue_cnt : 1
2021-05-31 22:19:07,610 - red_cnt : 1   blue_cnt : 0
2021-05-31 22:20:09,595 - red_cnt : 0   blue_cnt : 1
2021-05-31 22:21:10,802 - red_cnt : 0   blue_cnt : 2
2021-05-31 22:22:01,926 - red_cnt : 1   blue_cnt : 0
2021-05-31 22:23:03,785 - red_cnt : 0   blue_cnt : 1
2021-05-31 22:24:05,774 - red_cnt : 1   blue_cnt : 0
2021-05-31 22:25:07,771 - red_cnt : 0   blue_cnt : 1
2021-05-31 22:26:09,622 - red_cnt : 0   blue_cnt : 2
2021-05-31 22:27:12,268 - skip
2021-05-31 22:28:03,930 - red_cnt : 0   blue_cnt : 3
2021-05-31 22:29:05,516 - red_cnt : 1   blue_cnt : 0
2021-05-31 22:30:08,456 - red_cnt : 2   blue_cnt : 0
2021-05-31 22:31:10,450 - red_cnt : 3   blue_cnt : 0
2021-05-31 22:32:02,243 - skip
2021-05-31 22:33:04,141 - red_cnt : 0   blue_cnt : 1
2021-05-31 22:34:05,995 - red_cnt : 0   blue_cnt : 2
2021-05-31 22:35:08,127 - red_cnt : 0   blue_cnt : 3
2021-05-31 22:36:10,519 - red_cnt : 0   blue_cnt : 4
2021-05-31 22:36:10,519 - buy_ready -  red_cnt : 0   blue_cnt : 4
2021-05-31 22:38:40,181 - bought - buy_price : 79430.000000   buy_balance : 2240104.380102
2021-05-31 22:38:45,376 - red_cnt : 1   blue_cnt : 0
2021-05-31 22:39:05,777 - red_cnt : 2   blue_cnt : 0
2021-05-31 22:40:08,034 - skip
2021-05-31 22:41:10,023 - red_cnt : 0   blue_cnt : 1
2021-05-31 22:42:01,141 - red_cnt : 0   blue_cnt : 2
2021-05-31 22:43:02,732 - red_cnt : 0   blue_cnt : 3
2021-05-31 22:44:04,610 - skip
2021-05-31 22:45:07,252 - red_cnt : 0   blue_cnt : 4
2021-05-31 22:46:09,235 - red_cnt : 0   blue_cnt : 5
2021-05-31 22:47:00,891 - red_cnt : 1   blue_cnt : 0
2021-05-31 22:48:03,552 - skip
2021-05-31 22:49:05,822 - red_cnt : 0   blue_cnt : 1
2021-05-31 22:50:07,280 - skip
2021-05-31 22:51:08,875 - red_cnt : 1   blue_cnt : 0
2021-05-31 22:52:10,465 - red_cnt : 2   blue_cnt : 0
2021-05-31 22:53:01,854 - skip
2021-05-31 22:54:03,430 - red_cnt : 0   blue_cnt : 1
2021-05-31 22:55:04,762 - red_cnt : 1   blue_cnt : 0
2021-05-31 22:56:06,098 - red_cnt : 0   blue_cnt : 1
2021-05-31 22:57:08,496 - red_cnt : 0   blue_cnt : 2
2021-05-31 22:58:09,703 - skip
2021-05-31 22:59:11,439 - red_cnt : 0   blue_cnt : 3
2021-05-31 23:00:02,975 - red_cnt : 0   blue_cnt : 4
2021-05-31 23:01:04,161 - red_cnt : 1   blue_cnt : 0
2021-05-31 23:02:05,908 - red_cnt : 0   blue_cnt : 1
2021-05-31 23:03:08,433 - red_cnt : 1   blue_cnt : 0
2021-05-31 23:04:10,027 - red_cnt : 0   blue_cnt : 1
2021-05-31 23:05:01,284 - red_cnt : 0   blue_cnt : 2
2021-05-31 23:06:03,134 - red_cnt : 1   blue_cnt : 0
2021-05-31 23:07:04,319 - red_cnt : 2   blue_cnt : 0
2021-05-31 23:08:05,783 - red_cnt : 0   blue_cnt : 1
2021-05-31 23:09:07,244 - red_cnt : 0   blue_cnt : 2
2021-05-31 23:10:08,689 - skip
2021-05-31 23:11:10,279 - red_cnt : 1   blue_cnt : 0
2021-05-31 23:12:01,945 - skip
2021-05-31 23:13:04,340 - red_cnt : 0   blue_cnt : 1
2021-05-31 23:14:06,193 - skip
2021-05-31 23:15:08,197 - red_cnt : 1   blue_cnt : 0
2021-05-31 23:16:10,455 - red_cnt : 2   blue_cnt : 0
2021-05-31 23:17:12,048 - red_cnt : 3   blue_cnt : 0
2021-05-31 23:18:03,309 - red_cnt : 4   blue_cnt : 0
2021-05-31 23:18:03,309 - sell_ready -  red_cnt : 4   blue_cnt : 0
2021-05-31 23:18:31,776 - sell -   ticker_price : 78580.000000   sell_balance : 2213078.837925  profit : -0.012064   total_profit : -0.010746
2021-05-31 23:19:07,829 - red_cnt : 1   blue_cnt : 0
2021-05-31 23:20:09,285 - red_cnt : 0   blue_cnt : 1
2021-05-31 23:21:10,875 - skip
2021-05-31 23:22:02,021 - red_cnt : 0   blue_cnt : 2
2021-05-31 23:23:04,819 - skip
2021-05-31 23:24:06,552 - red_cnt : 0   blue_cnt : 3
2021-05-31 23:25:08,682 - red_cnt : 0   blue_cnt : 4
2021-05-31 23:25:08,682 - buy_ready -  red_cnt : 0   blue_cnt : 4
2021-05-31 23:26:03,235 - bought - buy_price : 77950.000000   buy_balance : 2213078.837925
2021-05-31 23:26:08,434 - red_cnt : 1   blue_cnt : 0
2021-05-31 23:27:10,006 - red_cnt : 0   blue_cnt : 1
2021-05-31 23:28:01,784 - red_cnt : 1   blue_cnt : 0
2021-05-31 23:29:03,649 - red_cnt : 2   blue_cnt : 0
2021-05-31 23:30:05,512 - red_cnt : 0   blue_cnt : 1
2021-05-31 23:31:07,241 - red_cnt : 1   blue_cnt : 0
2021-05-31 23:32:08,439 - red_cnt : 2   blue_cnt : 0
2021-05-31 23:33:09,899 - red_cnt : 3   blue_cnt : 0
2021-05-31 23:34:01,292 - red_cnt : 0   blue_cnt : 1
2021-05-31 23:35:02,631 - red_cnt : 0   blue_cnt : 2
2021-05-31 23:36:04,216 - red_cnt : 1   blue_cnt : 0
2021-05-31 23:37:06,204 - red_cnt : 2   blue_cnt : 0
2021-05-31 23:38:08,538 - red_cnt : 3   blue_cnt : 0
2021-05-31 23:39:10,167 - red_cnt : 4   blue_cnt : 0
2021-05-31 23:39:10,167 - sell_ready -  red_cnt : 4   blue_cnt : 0
2021-05-31 23:47:28,800 - sell -   ticker_price : 78540.000000   sell_balance : 2224205.683380  profit : 0.005028   total_profit : -0.005718
2021-05-31 23:47:33,993 - red_cnt : 1   blue_cnt : 0
2021-05-31 23:48:04,593 - red_cnt : 0   blue_cnt : 1
2021-05-31 23:49:05,783 - red_cnt : 1   blue_cnt : 0
2021-05-31 23:50:07,644 - red_cnt : 2   blue_cnt : 0
2021-05-31 23:51:09,119 - skip
2021-05-31 23:52:10,456 - red_cnt : 3   blue_cnt : 0
2021-05-31 23:53:02,113 - red_cnt : 4   blue_cnt : 0
2021-05-31 23:54:03,857 - red_cnt : 0   blue_cnt : 1
2021-05-31 23:55:05,597 - red_cnt : 0   blue_cnt : 2
2021-05-31 23:56:08,254 - red_cnt : 0   blue_cnt : 3
2021-05-31 23:57:10,937 - red_cnt : 1   blue_cnt : 0
2021-05-31 23:58:02,458 - red_cnt : 0   blue_cnt : 1
2021-05-31 23:59:03,789 - red_cnt : 1   blue_cnt : 0
2021-06-01 00:00:05,393 - red_cnt : 2   blue_cnt : 0
2021-06-01 00:01:07,253 - skip
2021-06-01 00:02:08,593 - red_cnt : 3   blue_cnt : 0
2021-06-01 00:03:10,053 - red_cnt : 0   blue_cnt : 1
2021-06-01 00:04:01,722 - red_cnt : 1   blue_cnt : 0
2021-06-01 00:05:03,188 - red_cnt : 2   blue_cnt : 0
2021-06-01 00:06:04,926 - skip
2021-06-01 00:07:06,796 - red_cnt : 0   blue_cnt : 1
2021-06-01 00:08:08,782 - red_cnt : 0   blue_cnt : 2
2021-06-01 00:09:10,903 - red_cnt : 0   blue_cnt : 3
2021-06-01 00:10:02,854 - red_cnt : 1   blue_cnt : 0
2021-06-01 00:11:04,729 - red_cnt : 2   blue_cnt : 0
2021-06-01 00:12:06,984 - skip
2021-06-01 00:13:08,732 - red_cnt : 0   blue_cnt : 1
2021-06-01 00:14:10,340 - red_cnt : 1   blue_cnt : 0
2021-06-01 00:15:02,268 - red_cnt : 2   blue_cnt : 0
2021-06-01 00:16:05,061 - skip
2021-06-01 00:17:07,193 - red_cnt : 3   blue_cnt : 0
2021-06-01 00:18:09,201 - red_cnt : 4   blue_cnt : 0
2021-06-01 00:19:10,515 - red_cnt : 5   blue_cnt : 0
2021-06-01 00:20:02,335 - red_cnt : 6   blue_cnt : 0
2021-06-01 00:21:03,817 - red_cnt : 7   blue_cnt : 0
2021-06-01 00:22:05,536 - skip
2021-06-01 00:23:06,996 - red_cnt : 0   blue_cnt : 1
2021-06-01 00:24:09,129 - red_cnt : 0   blue_cnt : 2
2021-06-01 00:25:10,456 - red_cnt : 0   blue_cnt : 3
2021-06-01 00:26:01,586 - skip
2021-06-01 00:27:03,716 - red_cnt : 0   blue_cnt : 4
2021-06-01 00:27:03,716 - buy_ready -  red_cnt : 0   blue_cnt : 4
2021-06-01 00:30:21,504 - bought - buy_price : 79760.000000   buy_balance : 2224205.683380
2021-06-01 00:30:26,702 - red_cnt : 0   blue_cnt : 1
2021-06-01 00:31:08,298 - red_cnt : 1   blue_cnt : 0
2021-06-01 00:32:10,142 - red_cnt : 0   blue_cnt : 1
2021-06-01 00:33:02,070 - red_cnt : 0   blue_cnt : 2
2021-06-01 00:34:03,411 - skip
2021-06-01 00:35:05,811 - red_cnt : 1   blue_cnt : 0
2021-06-01 00:36:07,809 - red_cnt : 2   blue_cnt : 0
2021-06-01 00:37:09,673 - red_cnt : 3   blue_cnt : 0
2021-06-01 00:38:01,097 - red_cnt : 4   blue_cnt : 0
2021-06-01 00:38:01,097 - sell_ready -  red_cnt : 4   blue_cnt : 0
2021-06-01 00:52:28,148 - sell -   ticker_price : 79650.000000   sell_balance : 2216990.264978  profit : -0.003244   total_profit : -0.008962
2021-06-01 00:52:33,606 - red_cnt : 0   blue_cnt : 1
2021-06-01 00:53:04,474 - red_cnt : 0   blue_cnt : 2
2021-06-01 00:54:05,934 - red_cnt : 1   blue_cnt : 0
2021-06-01 00:55:07,268 - red_cnt : 2   blue_cnt : 0
2021-06-01 00:56:09,416 - red_cnt : 3   blue_cnt : 0
2021-06-01 00:57:01,751 - red_cnt : 0   blue_cnt : 1
2021-06-01 00:58:03,080 - red_cnt : 1   blue_cnt : 0
2021-06-01 00:59:04,801 - red_cnt : 2   blue_cnt : 0
2021-06-01 01:00:06,804 - red_cnt : 3   blue_cnt : 0
2021-06-01 01:01:08,537 - red_cnt : 4   blue_cnt : 0
2021-06-01 01:02:10,009 - red_cnt : 0   blue_cnt : 1
2021-06-01 01:03:01,794 - red_cnt : 1   blue_cnt : 0
2021-06-01 01:04:04,073 - red_cnt : 2   blue_cnt : 0
2021-06-01 01:05:06,188 - red_cnt : 0   blue_cnt : 1
2021-06-01 01:06:08,453 - red_cnt : 0   blue_cnt : 2
2021-06-01 01:07:09,785 - red_cnt : 1   blue_cnt : 0
2021-06-01 01:08:01,431 - red_cnt : 0   blue_cnt : 1
2021-06-01 01:09:03,614 - red_cnt : 0   blue_cnt : 2
2021-06-01 01:10:04,818 - skip
2021-06-01 01:11:06,150 - red_cnt : 1   blue_cnt : 0
2021-06-01 01:12:07,361 - skip
2021-06-01 01:13:08,709 - red_cnt : 2   blue_cnt : 0
2021-06-01 01:14:10,043 - red_cnt : 3   blue_cnt : 0
2021-06-01 01:15:01,827 - skip
2021-06-01 01:16:03,836 - red_cnt : 4   blue_cnt : 0
2021-06-01 01:17:05,592 - red_cnt : 5   blue_cnt : 0
2021-06-01 01:18:07,067 - skip
2021-06-01 01:19:08,396 - red_cnt : 0   blue_cnt : 1
2021-06-01 01:20:10,132 - red_cnt : 1   blue_cnt : 0
2021-06-01 01:21:01,974 - red_cnt : 0   blue_cnt : 1
2021-06-01 01:22:03,578 - red_cnt : 1   blue_cnt : 0
2021-06-01 01:23:06,032 - red_cnt : 2   blue_cnt : 0
2021-06-01 01:24:07,909 - red_cnt : 3   blue_cnt : 0
2021-06-01 01:25:09,251 - red_cnt : 0   blue_cnt : 1
2021-06-01 01:26:00,545 - red_cnt : 0   blue_cnt : 2
2021-06-01 01:27:02,027 - red_cnt : 0   blue_cnt : 3
2021-06-01 01:28:03,344 - red_cnt : 0   blue_cnt : 4
2021-06-01 01:28:03,344 - buy_ready -  red_cnt : 0   blue_cnt : 4
2021-06-01 01:30:17,426 - bought - buy_price : 80610.000000   buy_balance : 2216990.264978
2021-06-01 01:30:22,621 - red_cnt : 1   blue_cnt : 0
2021-06-01 01:31:03,973 - red_cnt : 0   blue_cnt : 1
2021-06-01 01:32:05,438 - red_cnt : 0   blue_cnt : 2
2021-06-01 01:33:07,465 - skip
2021-06-01 01:34:09,330 - red_cnt : 1   blue_cnt : 0
2021-06-01 01:35:10,935 - red_cnt : 0   blue_cnt : 1
2021-06-01 01:36:02,207 - red_cnt : 0   blue_cnt : 2
2021-06-01 01:37:04,321 - red_cnt : 0   blue_cnt : 3
2021-06-01 01:38:06,885 - red_cnt : 1   blue_cnt : 0
2021-06-01 01:39:08,895 - red_cnt : 2   blue_cnt : 0
2021-06-01 01:40:10,233 - red_cnt : 0   blue_cnt : 1
2021-06-01 01:41:01,380 - red_cnt : 0   blue_cnt : 2
2021-06-01 01:42:02,982 - red_cnt : 0   blue_cnt : 3
2021-06-01 01:43:04,963 - red_cnt : 1   blue_cnt : 0
2021-06-01 01:44:06,432 - red_cnt : 2   blue_cnt : 0
2021-06-01 01:45:07,837 - red_cnt : 0   blue_cnt : 1
2021-06-01 01:46:09,047 - red_cnt : 1   blue_cnt : 0
2021-06-01 01:47:10,645 - red_cnt : 0   blue_cnt : 1
2021-06-01 01:48:02,341 - red_cnt : 1   blue_cnt : 0
2021-06-01 01:49:03,960 - skip
2021-06-01 01:50:05,984 - red_cnt : 2   blue_cnt : 0
2021-06-01 01:51:07,874 - red_cnt : 0   blue_cnt : 1
2021-06-01 01:52:09,880 - red_cnt : 0   blue_cnt : 2
2021-06-01 01:53:11,737 - red_cnt : 0   blue_cnt : 3
2021-06-01 01:54:03,274 - skip
2021-06-01 01:55:05,116 - red_cnt : 1   blue_cnt : 0
2021-06-01 01:56:07,007 - red_cnt : 0   blue_cnt : 1
2021-06-01 01:57:09,257 - skip
2021-06-01 01:58:10,473 - red_cnt : 1   blue_cnt : 0
2021-06-01 01:59:01,493 - red_cnt : 2   blue_cnt : 0
2021-06-01 02:00:03,103 - red_cnt : 3   blue_cnt : 0
2021-06-01 02:01:04,867 - red_cnt : 0   blue_cnt : 1
2021-06-01 02:02:06,341 - red_cnt : 0   blue_cnt : 2
2021-06-01 02:03:08,081 - red_cnt : 0   blue_cnt : 3
2021-06-01 02:04:10,095 - red_cnt : 0   blue_cnt : 4
2021-06-01 02:05:12,136 - red_cnt : 1   blue_cnt : 0
2021-06-01 02:06:03,801 - red_cnt : 2   blue_cnt : 0
2021-06-01 02:07:05,696 - red_cnt : 3   blue_cnt : 0
2021-06-01 02:08:07,832 - red_cnt : 4   blue_cnt : 0
2021-06-01 02:08:07,833 - sell_ready -  red_cnt : 4   blue_cnt : 0
2021-06-01 02:08:36,910 - sell -   ticker_price : 79650.000000   sell_balance : 2189168.813144  profit : -0.012549   total_profit : -0.021511
2021-06-01 02:09:02,634 - red_cnt : 0   blue_cnt : 1
2021-06-01 02:10:05,287 - red_cnt : 0   blue_cnt : 2
2021-06-01 02:11:07,197 - red_cnt : 0   blue_cnt : 3
2021-06-01 02:12:08,938 - red_cnt : 1   blue_cnt : 0
2021-06-01 02:13:10,701 - skip
2021-06-01 02:14:03,078 - red_cnt : 2   blue_cnt : 0
2021-06-01 02:15:04,803 - red_cnt : 0   blue_cnt : 1
2021-06-01 02:16:06,007 - red_cnt : 0   blue_cnt : 2
2021-06-01 02:17:08,527 - skip
2021-06-01 02:18:09,860 - red_cnt : 0   blue_cnt : 3
2021-06-01 02:19:11,733 - red_cnt : 0   blue_cnt : 4
2021-06-01 02:19:11,733 - buy_ready -  red_cnt : 0   blue_cnt : 4
2021-06-01 02:20:18,853 - bought - buy_price : 79290.000000   buy_balance : 2189168.813144
2021-06-01 02:20:24,059 - red_cnt : 1   blue_cnt : 0
2021-06-01 02:21:04,872 - red_cnt : 2   blue_cnt : 0
2021-06-01 02:22:06,750 - red_cnt : 3   blue_cnt : 0
2021-06-01 02:23:08,750 - red_cnt : 0   blue_cnt : 1
2021-06-01 02:24:11,016 - red_cnt : 1   blue_cnt : 0
2021-06-01 02:25:02,429 - red_cnt : 0   blue_cnt : 1
2021-06-01 02:26:03,914 - red_cnt : 0   blue_cnt : 2
2021-06-01 02:27:05,378 - red_cnt : 1   blue_cnt : 0
2021-06-01 02:28:06,869 - red_cnt : 0   blue_cnt : 1
2021-06-01 02:29:08,217 - red_cnt : 0   blue_cnt : 2
2021-06-01 02:30:10,214 - red_cnt : 1   blue_cnt : 0
2021-06-01 02:31:12,374 - red_cnt : 2   blue_cnt : 0
2021-06-01 02:32:04,187 - red_cnt : 0   blue_cnt : 1
2021-06-01 02:33:05,674 - red_cnt : 0   blue_cnt : 2
2021-06-01 02:34:07,427 - red_cnt : 0   blue_cnt : 3
2021-06-01 02:35:09,241 - red_cnt : 0   blue_cnt : 4
2021-06-01 02:36:11,142 - red_cnt : 0   blue_cnt : 5
2021-06-01 02:37:03,109 - red_cnt : 1   blue_cnt : 0
2021-06-01 02:38:04,603 - red_cnt : 0   blue_cnt : 1
2021-06-01 02:39:06,356 - red_cnt : 1   blue_cnt : 0
2021-06-01 02:40:08,379 - red_cnt : 2   blue_cnt : 0
2021-06-01 02:41:09,779 - red_cnt : 3   blue_cnt : 0
2021-06-01 02:42:11,688 - red_cnt : 4   blue_cnt : 0
2021-06-01 02:42:11,688 - sell_ready -  red_cnt : 4   blue_cnt : 0
2021-06-01 02:43:27,339 - sell -   ticker_price : 79160.000000   sell_balance : 2182019.869358  profit : -0.003266   total_profit : -0.024777
2021-06-01 02:43:32,561 - red_cnt : 1   blue_cnt : 0
2021-06-01 02:44:03,167 - red_cnt : 0   blue_cnt : 1
2021-06-01 02:45:04,650 - red_cnt : 1   blue_cnt : 0
2021-06-01 02:46:06,116 - red_cnt : 0   blue_cnt : 1
2021-06-01 02:47:07,475 - red_cnt : 1   blue_cnt : 0
2021-06-01 02:48:09,511 - red_cnt : 2   blue_cnt : 0
2021-06-01 02:49:11,384 - red_cnt : 3   blue_cnt : 0
2021-06-01 02:50:02,652 - skip
2021-06-01 02:51:14,627 - red_cnt : 0   blue_cnt : 1
2021-06-01 02:52:05,935 - red_cnt : 1   blue_cnt : 0
2021-06-01 02:53:08,273 - red_cnt : 2   blue_cnt : 0
2021-06-01 02:54:09,623 - red_cnt : 3   blue_cnt : 0
2021-06-01 02:55:01,451 - red_cnt : 4   blue_cnt : 0
2021-06-01 02:56:03,091 - red_cnt : 5   blue_cnt : 0
2021-06-01 02:57:04,721 - red_cnt : 0   blue_cnt : 1
2021-06-01 02:58:06,076 - red_cnt : 1   blue_cnt : 0
2021-06-01 02:59:08,356 - red_cnt : 2   blue_cnt : 0
2021-06-01 03:00:10,238 - red_cnt : 0   blue_cnt : 1
2021-06-01 03:01:01,555 - red_cnt : 0   blue_cnt : 2
2021-06-01 03:02:03,886 - red_cnt : 0   blue_cnt : 3
2021-06-01 03:03:06,311 - red_cnt : 1   blue_cnt : 0
2021-06-01 03:04:07,945 - red_cnt : 0   blue_cnt : 1
2021-06-01 03:05:09,347 - red_cnt : 1   blue_cnt : 0
2021-06-01 03:06:11,785 - red_cnt : 0   blue_cnt : 1
2021-06-01 03:07:03,804 - red_cnt : 0   blue_cnt : 2
2021-06-01 03:08:05,280 - red_cnt : 0   blue_cnt : 3
2021-06-01 03:09:08,102 - red_cnt : 1   blue_cnt : 0
2021-06-01 03:10:09,806 - skip
2021-06-01 03:11:01,398 - red_cnt : 0   blue_cnt : 1
2021-06-01 03:12:12,966 - skip
2021-06-01 03:13:03,971 - red_cnt : 0   blue_cnt : 2
2021-06-01 03:14:05,733 - red_cnt : 0   blue_cnt : 3
2021-06-01 03:15:07,743 - red_cnt : 1   blue_cnt : 0
2021-06-01 03:16:09,518 - red_cnt : 2   blue_cnt : 0
2021-06-01 03:17:00,802 - red_cnt : 3   blue_cnt : 0
2021-06-01 03:18:03,100 - red_cnt : 0   blue_cnt : 1
2021-06-01 03:19:04,333 - red_cnt : 1   blue_cnt : 0
2021-06-01 03:20:05,809 - red_cnt : 2   blue_cnt : 0
2021-06-01 03:21:07,194 - red_cnt : 3   blue_cnt : 0
2021-06-01 03:22:08,820 - red_cnt : 0   blue_cnt : 1
2021-06-01 03:23:10,056 - red_cnt : 0   blue_cnt : 2
2021-06-01 03:24:01,911 - red_cnt : 0   blue_cnt : 3
2021-06-01 03:25:03,185 - red_cnt : 1   blue_cnt : 0
2021-06-01 03:26:04,427 - skip
2021-06-01 03:27:05,918 - red_cnt : 0   blue_cnt : 1
2021-06-01 03:28:07,290 - red_cnt : 0   blue_cnt : 2
2021-06-01 03:29:08,627 - red_cnt : 0   blue_cnt : 3
2021-06-01 03:30:10,716 - red_cnt : 1   blue_cnt : 0
2021-06-01 03:31:02,830 - red_cnt : 0   blue_cnt : 1
2021-06-01 03:32:04,554 - red_cnt : 1   blue_cnt : 0
2021-06-01 03:33:06,830 - red_cnt : 2   blue_cnt : 0
2021-06-01 03:34:08,320 - red_cnt : 0   blue_cnt : 1
2021-06-01 03:35:10,179 - red_cnt : 0   blue_cnt : 2
2021-06-01 03:36:01,458 - red_cnt : 1   blue_cnt : 0
2021-06-01 03:37:02,915 - red_cnt : 0   blue_cnt : 1
2021-06-01 03:38:04,656 - red_cnt : 0   blue_cnt : 2
2021-06-01 03:39:06,110 - red_cnt : 1   blue_cnt : 0
2021-06-01 03:40:07,703 - skip
2021-06-01 03:41:09,420 - red_cnt : 2   blue_cnt : 0
2021-06-01 03:42:11,282 - red_cnt : 0   blue_cnt : 1
2021-06-01 03:43:03,471 - red_cnt : 0   blue_cnt : 2
2021-06-01 03:44:05,590 - red_cnt : 1   blue_cnt : 0
2021-06-01 03:45:08,403 - red_cnt : 2   blue_cnt : 0
2021-06-01 03:46:10,293 - red_cnt : 3   blue_cnt : 0
2021-06-01 03:47:13,132 - red_cnt : 0   blue_cnt : 1
2021-06-01 03:48:04,665 - red_cnt : 0   blue_cnt : 2
2021-06-01 03:49:06,122 - red_cnt : 0   blue_cnt : 3
2021-06-01 03:50:07,588 - red_cnt : 1   blue_cnt : 0
2021-06-01 03:51:09,038 - red_cnt : 2   blue_cnt : 0
2021-06-01 03:52:10,364 - red_cnt : 0   blue_cnt : 1
2021-06-01 03:53:01,371 - red_cnt : 1   blue_cnt : 0
2021-06-01 03:54:02,826 - skip
2021-06-01 03:55:04,827 - red_cnt : 2   blue_cnt : 0
2021-06-01 03:56:06,626 - red_cnt : 3   blue_cnt : 0
2021-06-01 03:57:08,099 - red_cnt : 0   blue_cnt : 1
2021-06-01 03:58:10,904 - red_cnt : 1   blue_cnt : 0
2021-06-01 03:59:02,045 - red_cnt : 0   blue_cnt : 1
2021-06-01 04:00:03,627 - red_cnt : 1   blue_cnt : 0
2021-06-01 04:01:05,090 - red_cnt : 2   blue_cnt : 0
2021-06-01 04:02:07,086 - skip
2021-06-01 04:03:09,079 - red_cnt : 0   blue_cnt : 1
2021-06-01 04:04:00,880 - red_cnt : 1   blue_cnt : 0
2021-06-01 04:05:03,722 - red_cnt : 0   blue_cnt : 1
2021-06-01 04:06:05,208 - red_cnt : 1   blue_cnt : 0
2021-06-01 04:07:07,875 - red_cnt : 2   blue_cnt : 0
2021-06-01 04:08:00,602 - red_cnt : 3   blue_cnt : 0
2021-06-01 04:09:02,728 - skip
2021-06-01 04:10:04,063 - red_cnt : 0   blue_cnt : 1
2021-06-01 04:11:05,797 - skip
2021-06-01 04:12:07,694 - red_cnt : 1   blue_cnt : 0
2021-06-01 04:13:09,155 - red_cnt : 0   blue_cnt : 1
2021-06-01 04:14:11,436 - skip
2021-06-01 04:15:02,972 - red_cnt : 0   blue_cnt : 2
2021-06-01 04:16:04,557 - red_cnt : 0   blue_cnt : 3
2021-06-01 04:17:06,337 - red_cnt : 1   blue_cnt : 0
2021-06-01 04:18:08,334 - red_cnt : 2   blue_cnt : 0
2021-06-01 04:19:09,818 - red_cnt : 0   blue_cnt : 1
2021-06-01 04:20:11,831 - red_cnt : 1   blue_cnt : 0
2021-06-01 04:21:04,009 - red_cnt : 0   blue_cnt : 1
2021-06-01 04:22:05,475 - skip
2021-06-01 04:23:07,203 - red_cnt : 1   blue_cnt : 0
2021-06-01 04:24:08,659 - red_cnt : 0   blue_cnt : 1
2021-06-01 04:25:10,542 - red_cnt : 0   blue_cnt : 2
2021-06-01 04:26:01,686 - red_cnt : 0   blue_cnt : 3
2021-06-01 04:27:03,015 - red_cnt : 1   blue_cnt : 0
2021-06-01 04:28:04,878 - red_cnt : 2   blue_cnt : 0
2021-06-01 04:29:06,202 - skip
2021-06-01 04:30:08,458 - red_cnt : 0   blue_cnt : 1
2021-06-01 04:31:10,729 - red_cnt : 1   blue_cnt : 0
2021-06-01 04:32:02,128 - red_cnt : 0   blue_cnt : 1
2021-06-01 04:33:04,680 - red_cnt : 0   blue_cnt : 2
2021-06-01 04:34:06,797 - red_cnt : 0   blue_cnt : 3
2021-06-01 04:35:09,478 - skip
2021-06-01 04:36:11,864 - red_cnt : 1   blue_cnt : 0
2021-06-01 04:37:03,538 - red_cnt : 2   blue_cnt : 0
2021-06-01 04:38:04,985 - skip
2021-06-01 04:39:06,210 - red_cnt : 0   blue_cnt : 1
2021-06-01 04:40:07,528 - red_cnt : 0   blue_cnt : 2
2021-06-01 04:41:09,136 - red_cnt : 1   blue_cnt : 0
2021-06-01 04:42:11,153 - red_cnt : 2   blue_cnt : 0
2021-06-01 04:43:02,811 - red_cnt : 0   blue_cnt : 1
2021-06-01 04:44:04,552 - red_cnt : 1   blue_cnt : 0
2021-06-01 04:45:06,426 - red_cnt : 2   blue_cnt : 0
2021-06-01 04:46:08,546 - red_cnt : 3   blue_cnt : 0
2021-06-01 04:47:10,411 - red_cnt : 4   blue_cnt : 0
2021-06-01 04:48:12,146 - red_cnt : 0   blue_cnt : 1
2021-06-01 04:49:03,554 - skip
2021-06-01 04:50:05,023 - red_cnt : 0   blue_cnt : 2
2021-06-01 04:51:06,361 - red_cnt : 1   blue_cnt : 0
2021-06-01 04:52:07,699 - red_cnt : 2   blue_cnt : 0
2021-06-01 04:53:09,182 - red_cnt : 3   blue_cnt : 0
2021-06-01 04:54:10,803 - red_cnt : 4   blue_cnt : 0
2021-06-01 04:55:02,206 - red_cnt : 5   blue_cnt : 0
2021-06-01 04:56:03,939 - red_cnt : 0   blue_cnt : 1
2021-06-01 04:57:05,556 - red_cnt : 1   blue_cnt : 0
2021-06-01 04:58:07,456 - red_cnt : 2   blue_cnt : 0
2021-06-01 04:59:09,443 - red_cnt : 0   blue_cnt : 1
2021-06-01 05:00:01,106 - red_cnt : 1   blue_cnt : 0
2021-06-01 05:01:03,118 - red_cnt : 2   blue_cnt : 0
2021-06-01 05:02:04,714 - red_cnt : 0   blue_cnt : 1
2021-06-01 05:03:06,338 - red_cnt : 0   blue_cnt : 2
2021-06-01 05:04:07,955 - red_cnt : 1   blue_cnt : 0
2021-06-01 05:05:09,573 - red_cnt : 2   blue_cnt : 0
2021-06-01 05:06:11,032 - red_cnt : 0   blue_cnt : 1
2021-06-01 05:07:02,962 - red_cnt : 1   blue_cnt : 0
2021-06-01 05:08:04,699 - red_cnt : 0   blue_cnt : 1
2021-06-01 05:09:06,744 - red_cnt : 0   blue_cnt : 2
2021-06-01 05:10:07,949 - red_cnt : 0   blue_cnt : 3
2021-06-01 05:11:09,416 - red_cnt : 0   blue_cnt : 4
2021-06-01 05:11:09,416 - buy_ready -  red_cnt : 0   blue_cnt : 4
2021-06-01 05:25:57,951 - bought - buy_price : 80270.000000   buy_balance : 2182019.869358
2021-06-01 05:26:03,145 - red_cnt : 1   blue_cnt : 0
2021-06-01 05:27:05,165 - skip
2021-06-01 05:28:07,023 - red_cnt : 2   blue_cnt : 0
2021-06-01 05:29:09,580 - red_cnt : 3   blue_cnt : 0
2021-06-01 05:30:01,094 - red_cnt : 4   blue_cnt : 0
2021-06-01 05:30:01,094 - sell_ready -  red_cnt : 4   blue_cnt : 0
2021-06-01 05:35:27,030 - sell -   ticker_price : 80200.000000   sell_balance : 2177141.810497  profit : -0.002236   total_profit : -0.027012
2021-06-01 05:35:32,221 - red_cnt : 0   blue_cnt : 1
2021-06-01 05:36:02,959 - red_cnt : 0   blue_cnt : 2
2021-06-01 05:37:04,694 - red_cnt : 0   blue_cnt : 3
2021-06-01 05:38:06,564 - red_cnt : 0   blue_cnt : 4
2021-06-01 05:38:06,564 - buy_ready -  red_cnt : 0   blue_cnt : 4
2021-06-01 05:45:22,358 - bought - buy_price : 80290.000000   buy_balance : 2177141.810497
2021-06-01 05:45:27,552 - red_cnt : 1   blue_cnt : 0
2021-06-01 05:46:08,347 - red_cnt : 2   blue_cnt : 0
2021-06-01 05:47:09,948 - skip
2021-06-01 05:48:11,555 - red_cnt : 3   blue_cnt : 0
2021-06-01 05:49:03,092 - red_cnt : 4   blue_cnt : 0
2021-06-01 05:49:03,092 - sell_ready -  red_cnt : 4   blue_cnt : 0
2021-06-01 05:50:29,270 - sell -   ticker_price : 80440.000000   sell_balance : 2175781.387867  profit : -0.000625   total_profit : -0.027637
2021-06-01 05:50:34,599 - red_cnt : 1   blue_cnt : 0
2021-06-01 05:51:05,870 - red_cnt : 0   blue_cnt : 1
2021-06-01 05:52:07,863 - red_cnt : 0   blue_cnt : 2
2021-06-01 05:53:09,802 - red_cnt : 1   blue_cnt : 0
2021-06-01 05:54:02,006 - red_cnt : 2   blue_cnt : 0
2021-06-01 05:55:03,745 - red_cnt : 0   blue_cnt : 1
2021-06-01 05:56:05,052 - red_cnt : 0   blue_cnt : 2
2021-06-01 05:57:06,981 - red_cnt : 1   blue_cnt : 0
2021-06-01 05:58:08,848 - red_cnt : 2   blue_cnt : 0
2021-06-01 05:59:10,730 - skip
2021-06-01 06:00:02,412 - red_cnt : 3   blue_cnt : 0
2021-06-01 06:01:03,875 - red_cnt : 4   blue_cnt : 0
2021-06-01 06:02:05,729 - red_cnt : 5   blue_cnt : 0
2021-06-01 06:03:07,187 - red_cnt : 0   blue_cnt : 1
2021-06-01 06:04:08,776 - red_cnt : 1   blue_cnt : 0
2021-06-01 06:05:10,497 - red_cnt : 2   blue_cnt : 0
2021-06-01 06:06:02,035 - red_cnt : 0   blue_cnt : 1
2021-06-01 06:07:04,022 - red_cnt : 1   blue_cnt : 0
2021-06-01 06:08:06,418 - skip
2021-06-01 06:09:08,159 - red_cnt : 2   blue_cnt : 0
2021-06-01 06:10:10,155 - skip
2021-06-01 06:11:11,486 - red_cnt : 3   blue_cnt : 0
2021-06-01 06:12:02,752 - red_cnt : 0   blue_cnt : 1
2021-06-01 06:13:04,892 - red_cnt : 1   blue_cnt : 0
2021-06-01 06:14:06,342 - red_cnt : 2   blue_cnt : 0
2021-06-01 06:15:08,746 - red_cnt : 3   blue_cnt : 0
2021-06-01 06:16:10,476 - red_cnt : 0   blue_cnt : 1
2021-06-01 06:17:02,002 - red_cnt : 1   blue_cnt : 0
2021-06-01 06:18:03,454 - skip
2021-06-01 06:19:05,172 - red_cnt : 0   blue_cnt : 1
2021-06-01 06:20:06,877 - red_cnt : 0   blue_cnt : 2
2021-06-01 06:21:09,016 - red_cnt : 1   blue_cnt : 0
2021-06-01 06:22:11,152 - red_cnt : 0   blue_cnt : 1
2021-06-01 06:23:02,585 - red_cnt : 1   blue_cnt : 0
2021-06-01 06:24:05,256 - red_cnt : 0   blue_cnt : 1
2021-06-01 06:25:07,392 - red_cnt : 1   blue_cnt : 0
2021-06-01 06:26:09,374 - red_cnt : 2   blue_cnt : 0
2021-06-01 06:27:10,855 - red_cnt : 0   blue_cnt : 1
2021-06-01 06:28:02,255 - red_cnt : 0   blue_cnt : 2
2021-06-01 06:29:03,988 - red_cnt : 1   blue_cnt : 0
2021-06-01 06:30:05,998 - red_cnt : 2   blue_cnt : 0
2021-06-01 06:31:07,467 - skip
2021-06-01 06:32:09,586 - red_cnt : 0   blue_cnt : 1
2021-06-01 06:33:01,534 - red_cnt : 0   blue_cnt : 2
2021-06-01 06:34:03,268 - red_cnt : 0   blue_cnt : 3
2021-06-01 06:35:05,532 - red_cnt : 0   blue_cnt : 4
2021-06-01 06:35:05,532 - buy_ready -  red_cnt : 0   blue_cnt : 4
2021-06-01 06:37:19,170 - bought - buy_price : 80020.000000   buy_balance : 2175781.387867
2021-06-01 06:37:24,367 - red_cnt : 0   blue_cnt : 1
2021-06-01 06:38:05,693 - red_cnt : 1   blue_cnt : 0
2021-06-01 06:39:07,557 - red_cnt : 2   blue_cnt : 0
2021-06-01 06:40:09,832 - skip
2021-06-01 06:41:01,146 - red_cnt : 3   blue_cnt : 0
2021-06-01 06:42:02,746 - red_cnt : 0   blue_cnt : 1
2021-06-01 06:43:04,367 - red_cnt : 1   blue_cnt : 0
2021-06-01 06:44:05,573 - red_cnt : 0   blue_cnt : 1
2021-06-01 06:45:06,788 - red_cnt : 1   blue_cnt : 0
2021-06-01 06:46:08,108 - red_cnt : 0   blue_cnt : 1
2021-06-01 06:47:09,434 - red_cnt : 1   blue_cnt : 0
2021-06-01 06:48:01,745 - red_cnt : 0   blue_cnt : 1
2021-06-01 06:49:13,285 - red_cnt : 1   blue_cnt : 0
2021-06-01 06:50:04,432 - red_cnt : 2   blue_cnt : 0
2021-06-01 06:51:05,903 - red_cnt : 3   blue_cnt : 0
2021-06-01 06:52:07,752 - red_cnt : 4   blue_cnt : 0
2021-06-01 06:52:07,753 - sell_ready -  red_cnt : 4   blue_cnt : 0
2021-06-01 06:59:30,412 - sell -   ticker_price : 80670.000000   sell_balance : 2190985.181899  profit : 0.006988   total_profit : -0.020649
2021-06-01 06:59:35,608 - red_cnt : 1   blue_cnt : 0
2021-06-01 07:00:06,753 - red_cnt : 2   blue_cnt : 0
2021-06-01 07:01:08,273 - red_cnt : 0   blue_cnt : 1
2021-06-01 07:02:10,024 - red_cnt : 1   blue_cnt : 0
2021-06-01 07:03:01,415 - red_cnt : 2   blue_cnt : 0
2021-06-01 07:04:02,882 - red_cnt : 3   blue_cnt : 0
2021-06-01 07:05:05,427 - skip
2021-06-01 07:06:07,411 - red_cnt : 4   blue_cnt : 0
2021-06-01 07:07:09,272 - red_cnt : 5   blue_cnt : 0
2021-06-01 07:08:10,491 - red_cnt : 0   blue_cnt : 1
2021-06-01 07:09:02,221 - skip
2021-06-01 07:10:03,944 - red_cnt : 1   blue_cnt : 0
2021-06-01 07:11:05,648 - skip
2021-06-01 07:12:07,091 - red_cnt : 2   blue_cnt : 0
2021-06-01 07:13:09,509 - red_cnt : 3   blue_cnt : 0
2021-06-01 07:14:11,107 - red_cnt : 4   blue_cnt : 0
2021-06-01 07:15:02,785 - red_cnt : 0   blue_cnt : 1
2021-06-01 07:16:04,377 - red_cnt : 0   blue_cnt : 2
2021-06-01 07:17:06,845 - skip
2021-06-01 07:18:08,067 - red_cnt : 0   blue_cnt : 3
2021-06-01 07:19:09,391 - skip
2021-06-01 07:20:00,906 - red_cnt : 0   blue_cnt : 4
2021-06-01 07:20:00,906 - buy_ready -  red_cnt : 0   blue_cnt : 4
2021-06-01 07:31:57,510 - bought - buy_price : 81300.000000   buy_balance : 2190985.181899
2021-06-01 07:32:02,712 - red_cnt : 1   blue_cnt : 0
2021-06-01 07:33:04,061 - red_cnt : 2   blue_cnt : 0
2021-06-01 07:34:05,525 - red_cnt : 0   blue_cnt : 1
2021-06-01 07:35:07,130 - red_cnt : 0   blue_cnt : 2
2021-06-01 07:36:08,998 - red_cnt : 0   blue_cnt : 3
2021-06-01 07:37:01,344 - red_cnt : 0   blue_cnt : 4
2021-06-01 07:38:02,672 - skip
2021-06-01 07:39:04,143 - red_cnt : 0   blue_cnt : 5
2021-06-01 07:40:05,733 - skip
2021-06-01 07:41:07,466 - red_cnt : 0   blue_cnt : 6
2021-06-01 07:42:09,727 - red_cnt : 1   blue_cnt : 0
2021-06-01 07:43:11,717 - red_cnt : 2   blue_cnt : 0
2021-06-01 07:44:02,723 - red_cnt : 0   blue_cnt : 1
2021-06-01 07:45:05,144 - red_cnt : 1   blue_cnt : 0
2021-06-01 07:46:06,610 - red_cnt : 2   blue_cnt : 0
2021-06-01 07:47:08,206 - red_cnt : 0   blue_cnt : 1
2021-06-01 07:48:10,084 - red_cnt : 1   blue_cnt : 0
2021-06-01 07:49:11,687 - red_cnt : 0   blue_cnt : 1
2021-06-01 07:50:02,689 - red_cnt : 1   blue_cnt : 0
2021-06-01 07:51:04,429 - red_cnt : 0   blue_cnt : 1
2021-06-01 07:52:06,146 - red_cnt : 0   blue_cnt : 2
2021-06-01 07:53:07,341 - red_cnt : 1   blue_cnt : 0
2021-06-01 07:54:09,077 - red_cnt : 0   blue_cnt : 1
2021-06-01 07:55:10,415 - red_cnt : 0   blue_cnt : 2
2021-06-01 07:56:02,541 - red_cnt : 1   blue_cnt : 0
2021-06-01 07:57:03,872 - red_cnt : 0   blue_cnt : 1
2021-06-01 07:58:05,860 - red_cnt : 0   blue_cnt : 2
2021-06-01 07:59:08,036 - red_cnt : 0   blue_cnt : 3
2021-06-01 08:00:10,582 - red_cnt : 0   blue_cnt : 4
2021-06-01 08:01:01,614 - red_cnt : 0   blue_cnt : 5
2021-06-01 08:02:03,155 - red_cnt : 1   blue_cnt : 0
2021-06-01 08:03:04,623 - red_cnt : 2   blue_cnt : 0
2021-06-01 08:04:05,964 - red_cnt : 0   blue_cnt : 1
2021-06-01 08:05:07,303 - skip
2021-06-01 08:06:09,030 - red_cnt : 1   blue_cnt : 0
2021-06-01 08:07:10,791 - red_cnt : 2   blue_cnt : 0
2021-06-01 08:08:02,077 - red_cnt : 3   blue_cnt : 0
2021-06-01 08:09:03,428 - skip
2021-06-01 08:10:05,023 - red_cnt : 4   blue_cnt : 0
2021-06-01 08:10:05,023 - sell_ready -  red_cnt : 4   blue_cnt : 0
2021-06-01 08:25:26,339 - sell -   ticker_price : 81760.000000   sell_balance : 2201461.898529  profit : 0.004782   total_profit : -0.015868
2021-06-01 08:25:31,585 - red_cnt : 1   blue_cnt : 0
2021-06-01 08:26:02,963 - red_cnt : 0   blue_cnt : 1
2021-06-01 08:27:05,016 - red_cnt : 1   blue_cnt : 0
2021-06-01 08:28:07,383 - red_cnt : 2   blue_cnt : 0
2021-06-01 08:29:10,542 - skip
2021-06-01 08:30:02,266 - red_cnt : 3   blue_cnt : 0
2021-06-01 08:31:04,486 - red_cnt : 0   blue_cnt : 1
2021-06-01 08:32:06,880 - red_cnt : 1   blue_cnt : 0
2021-06-01 08:33:08,674 - red_cnt : 2   blue_cnt : 0
2021-06-01 08:34:11,003 - red_cnt : 0   blue_cnt : 1
2021-06-01 08:35:02,600 - red_cnt : 1   blue_cnt : 0
2021-06-01 08:36:05,246 - red_cnt : 0   blue_cnt : 1
2021-06-01 08:37:06,904 - red_cnt : 0   blue_cnt : 2
2021-06-01 08:38:08,735 - red_cnt : 1   blue_cnt : 0
2021-06-01 08:39:10,869 - red_cnt : 2   blue_cnt : 0
2021-06-01 08:40:02,432 - red_cnt : 3   blue_cnt : 0
2021-06-01 08:41:04,816 - red_cnt : 0   blue_cnt : 1
2021-06-01 08:42:06,451 - red_cnt : 0   blue_cnt : 2
2021-06-01 08:43:09,640 - red_cnt : 0   blue_cnt : 3
2021-06-01 08:44:00,987 - red_cnt : 1   blue_cnt : 0
2021-06-01 08:45:03,285 - red_cnt : 0   blue_cnt : 1
2021-06-01 08:46:05,720 - red_cnt : 0   blue_cnt : 2
2021-06-01 08:47:07,547 - red_cnt : 1   blue_cnt : 0
2021-06-01 08:48:09,329 - red_cnt : 0   blue_cnt : 1
2021-06-01 08:49:01,761 - red_cnt : 1   blue_cnt : 0
2021-06-01 08:50:03,832 - red_cnt : 2   blue_cnt : 0
2021-06-01 08:51:05,205 - red_cnt : 3   blue_cnt : 0
2021-06-01 08:52:07,696 - red_cnt : 0   blue_cnt : 1
2021-06-01 08:53:09,921 - red_cnt : 0   blue_cnt : 2
2021-06-01 08:54:01,667 - red_cnt : 0   blue_cnt : 3
2021-06-01 08:55:03,680 - red_cnt : 0   blue_cnt : 4
2021-06-01 08:55:03,680 - buy_ready -  red_cnt : 0   blue_cnt : 4
2021-06-01 08:55:26,805 - bought - buy_price : 82150.000000   buy_balance : 2201461.898529
2021-06-01 08:56:03,731 - red_cnt : 1   blue_cnt : 0
2021-06-01 08:57:06,260 - red_cnt : 0   blue_cnt : 1
2021-06-01 08:58:08,507 - red_cnt : 1   blue_cnt : 0
2021-06-01 08:59:10,389 - red_cnt : 2   blue_cnt : 0
2021-06-01 09:00:01,826 - red_cnt : 0   blue_cnt : 1
2021-06-01 09:01:03,536 - red_cnt : 0   blue_cnt : 2
2021-06-01 09:02:06,037 - red_cnt : 1   blue_cnt : 0
2021-06-01 09:03:08,550 - red_cnt : 2   blue_cnt : 0
2021-06-01 09:04:10,340 - red_cnt : 3   blue_cnt : 0
2021-06-01 09:05:01,592 - skip
2021-06-01 09:06:03,679 - red_cnt : 4   blue_cnt : 0
2021-06-01 09:06:03,680 - sell_ready -  red_cnt : 4   blue_cnt : 0
2021-06-01 09:10:28,337 - sell -   ticker_price : 83550.000000   sell_balance : 2232949.438443  profit : 0.014303   total_profit : -0.001565
2021-06-01 09:10:33,751 - red_cnt : 0   blue_cnt : 1
2021-06-01 09:11:04,551 - red_cnt : 1   blue_cnt : 0
2021-06-01 09:12:06,473 - red_cnt : 0   blue_cnt : 1
2021-06-01 09:13:08,421 - red_cnt : 0   blue_cnt : 2
2021-06-01 09:14:10,541 - skip
2021-06-01 09:15:03,064 - red_cnt : 0   blue_cnt : 3
2021-06-01 09:16:05,484 - red_cnt : 1   blue_cnt : 0
2021-06-01 09:17:07,611 - red_cnt : 0   blue_cnt : 1
2021-06-01 09:18:09,210 - red_cnt : 0   blue_cnt : 2
2021-06-01 09:19:01,397 - skip
2021-06-01 09:20:03,300 - red_cnt : 0   blue_cnt : 3
2021-06-01 09:21:05,193 - red_cnt : 1   blue_cnt : 0
2021-06-01 09:22:07,183 - red_cnt : 2   blue_cnt : 0
2021-06-01 09:23:09,469 - red_cnt : 3   blue_cnt : 0
2021-06-01 09:24:01,084 - red_cnt : 0   blue_cnt : 1
2021-06-01 09:25:02,956 - red_cnt : 1   blue_cnt : 0
2021-06-01 09:26:05,447 - red_cnt : 2   blue_cnt : 0
2021-06-01 09:27:07,961 - red_cnt : 0   blue_cnt : 1
2021-06-01 09:28:09,977 - red_cnt : 0   blue_cnt : 2
2021-06-01 09:29:01,398 - red_cnt : 1   blue_cnt : 0
2021-06-01 09:30:03,543 - red_cnt : 2   blue_cnt : 0
2021-06-01 09:31:05,434 - red_cnt : 0   blue_cnt : 1
2021-06-01 09:32:07,683 - red_cnt : 0   blue_cnt : 2
2021-06-01 09:33:09,951 - red_cnt : 0   blue_cnt : 3
2021-06-01 09:34:01,625 - skip
2021-06-01 09:35:03,434 - red_cnt : 0   blue_cnt : 4
2021-06-01 09:35:03,434 - buy_ready -  red_cnt : 0   blue_cnt : 4
2021-06-01 09:37:23,083 - bought - buy_price : 82850.000000   buy_balance : 2232949.438443
2021-06-01 09:37:28,486 - red_cnt : 1   blue_cnt : 0
2021-06-01 09:38:09,607 - red_cnt : 2   blue_cnt : 0
2021-06-01 09:39:11,873 - red_cnt : 0   blue_cnt : 1
2021-06-01 09:40:03,383 - red_cnt : 1   blue_cnt : 0
2021-06-01 09:41:05,964 - red_cnt : 2   blue_cnt : 0
2021-06-01 09:42:08,807 - red_cnt : 0   blue_cnt : 1
2021-06-01 09:43:10,989 - red_cnt : 1   blue_cnt : 0
2021-06-01 09:44:03,282 - red_cnt : 0   blue_cnt : 1
2021-06-01 09:45:05,276 - red_cnt : 0   blue_cnt : 2
2021-06-01 09:46:07,114 - red_cnt : 0   blue_cnt : 3
2021-06-01 09:47:10,131 - skip
2021-06-01 09:48:02,192 - red_cnt : 0   blue_cnt : 4
2021-06-01 09:49:04,183 - red_cnt : 0   blue_cnt : 5
2021-06-01 09:50:06,241 - red_cnt : 0   blue_cnt : 6
2021-06-01 09:51:08,072 - red_cnt : 1   blue_cnt : 0
2021-06-01 09:52:09,956 - red_cnt : 2   blue_cnt : 0
2021-06-01 09:53:01,876 - red_cnt : 3   blue_cnt : 0
2021-06-01 09:54:03,932 - red_cnt : 4   blue_cnt : 0
2021-06-01 09:54:03,933 - sell_ready -  red_cnt : 4   blue_cnt : 0
2021-06-01 09:58:28,047 - sell -   ticker_price : 83520.000000   sell_balance : 2247994.648126  profit : 0.006738   total_profit : 0.005173
2021-06-01 09:58:33,279 - red_cnt : 1   blue_cnt : 0
2021-06-01 09:59:04,517 - red_cnt : 0   blue_cnt : 1
2021-06-01 10:00:07,228 - skip
2021-06-01 10:01:10,293 - red_cnt : 0   blue_cnt : 2
2021-06-01 10:02:01,941 - red_cnt : 1   blue_cnt : 0
2021-06-01 10:03:03,804 - red_cnt : 0   blue_cnt : 1
2021-06-01 10:04:06,194 - skip
2021-06-01 10:05:08,461 - red_cnt : 1   blue_cnt : 0
2021-06-01 10:06:10,517 - red_cnt : 0   blue_cnt : 1
2021-06-01 10:07:02,302 - red_cnt : 1   blue_cnt : 0
2021-06-01 10:08:04,412 - red_cnt : 0   blue_cnt : 1
2021-06-01 10:09:06,169 - red_cnt : 0   blue_cnt : 2
2021-06-01 10:10:07,888 - red_cnt : 1   blue_cnt : 0
2021-06-01 10:11:10,315 - red_cnt : 0   blue_cnt : 1
2021-06-01 10:12:01,799 - red_cnt : 1   blue_cnt : 0
2021-06-01 10:13:04,209 - skip
2021-06-01 10:14:06,318 - red_cnt : 2   blue_cnt : 0
2021-06-01 10:15:08,689 - red_cnt : 3   blue_cnt : 0
2021-06-01 10:16:10,648 - red_cnt : 4   blue_cnt : 0
2021-06-01 10:17:03,427 - red_cnt : 0   blue_cnt : 1
2021-06-01 10:18:05,068 - red_cnt : 1   blue_cnt : 0
2021-06-01 10:19:06,490 - red_cnt : 0   blue_cnt : 1
2021-06-01 10:20:08,501 - red_cnt : 0   blue_cnt : 2
2021-06-01 10:21:11,127 - red_cnt : 0   blue_cnt : 3
2021-06-01 10:22:02,423 - red_cnt : 0   blue_cnt : 4
2021-06-01 10:22:02,423 - buy_ready -  red_cnt : 0   blue_cnt : 4
2021-06-01 10:27:24,201 - bought - buy_price : 81610.000000   buy_balance : 2247994.648126
2021-06-01 10:27:29,437 - red_cnt : 0   blue_cnt : 1
2021-06-01 10:28:10,571 - red_cnt : 1   blue_cnt : 0
2021-06-01 10:29:02,049 - red_cnt : 2   blue_cnt : 0
2021-06-01 10:30:04,191 - red_cnt : 3   blue_cnt : 0
2021-06-01 10:31:06,867 - red_cnt : 0   blue_cnt : 1
2021-06-01 10:32:08,893 - red_cnt : 1   blue_cnt : 0
2021-06-01 10:33:10,687 - red_cnt : 0   blue_cnt : 1
2021-06-01 10:34:03,089 - red_cnt : 1   blue_cnt : 0
2021-06-01 10:35:04,930 - red_cnt : 0   blue_cnt : 1
2021-06-01 10:36:06,990 - red_cnt : 1   blue_cnt : 0
2021-06-01 10:37:08,560 - skip
2021-06-01 10:38:10,371 - red_cnt : 2   blue_cnt : 0
2021-06-01 10:39:02,676 - red_cnt : 0   blue_cnt : 1
2021-06-01 10:40:05,181 - red_cnt : 1   blue_cnt : 0
2021-06-01 10:41:07,066 - skip
2021-06-01 10:42:09,210 - red_cnt : 2   blue_cnt : 0
2021-06-01 10:43:11,228 - red_cnt : 3   blue_cnt : 0
2021-06-01 10:44:03,261 - red_cnt : 0   blue_cnt : 1
2021-06-01 10:45:05,323 - red_cnt : 1   blue_cnt : 0
2021-06-01 10:46:07,424 - red_cnt : 0   blue_cnt : 1
2021-06-01 10:47:09,558 - red_cnt : 1   blue_cnt : 0
2021-06-01 10:48:11,456 - red_cnt : 0   blue_cnt : 1
2021-06-01 10:49:03,380 - red_cnt : 1   blue_cnt : 0
2021-06-01 10:50:05,912 - red_cnt : 2   blue_cnt : 0
2021-06-01 10:51:08,484 - red_cnt : 3   blue_cnt : 0
2021-06-01 10:52:10,011 - red_cnt : 0   blue_cnt : 1
2021-06-01 10:53:11,245 - red_cnt : 0   blue_cnt : 2
2021-06-01 10:54:03,087 - skip
2021-06-01 10:55:15,295 - red_cnt : 1   blue_cnt : 0
2021-06-01 10:56:06,556 - red_cnt : 0   blue_cnt : 1
2021-06-01 10:57:08,177 - red_cnt : 0   blue_cnt : 2
2021-06-01 10:58:10,039 - red_cnt : 1   blue_cnt : 0
2021-06-01 10:59:01,850 - red_cnt : 0   blue_cnt : 1
2021-06-01 11:00:03,033 - red_cnt : 0   blue_cnt : 2
2021-06-01 11:01:04,753 - red_cnt : 1   blue_cnt : 0
2021-06-01 11:02:06,938 - skip
2021-06-01 11:03:09,054 - red_cnt : 2   blue_cnt : 0
2021-06-01 11:04:10,655 - red_cnt : 0   blue_cnt : 1
2021-06-01 11:05:01,707 - red_cnt : 1   blue_cnt : 0
2021-06-01 11:06:03,552 - red_cnt : 0   blue_cnt : 1
2021-06-01 11:07:05,287 - red_cnt : 0   blue_cnt : 2
2021-06-01 11:08:06,735 - red_cnt : 0   blue_cnt : 3
2021-06-01 11:09:08,072 - red_cnt : 0   blue_cnt : 4
2021-06-01 11:10:09,526 - red_cnt : 1   blue_cnt : 0
2021-06-01 11:11:00,914 - red_cnt : 0   blue_cnt : 1
2021-06-01 11:12:02,109 - red_cnt : 1   blue_cnt : 0
2021-06-01 11:13:03,476 - red_cnt : 0   blue_cnt : 1
2021-06-01 11:14:04,958 - red_cnt : 1   blue_cnt : 0
2021-06-01 11:15:06,719 - red_cnt : 2   blue_cnt : 0
2021-06-01 11:16:08,719 - red_cnt : 3   blue_cnt : 0
2021-06-01 11:17:00,512 - red_cnt : 0   blue_cnt : 1
2021-06-01 11:18:01,972 - red_cnt : 1   blue_cnt : 0
2021-06-01 11:19:03,833 - red_cnt : 0   blue_cnt : 1
2021-06-01 11:20:05,693 - red_cnt : 1   blue_cnt : 0
2021-06-01 11:21:07,952 - red_cnt : 2   blue_cnt : 0
2021-06-01 11:22:09,685 - red_cnt : 0   blue_cnt : 1
2021-06-01 11:23:01,615 - red_cnt : 1   blue_cnt : 0
2021-06-01 11:24:03,209 - red_cnt : 2   blue_cnt : 0
2021-06-01 11:25:04,947 - red_cnt : 0   blue_cnt : 1
2021-06-01 11:26:06,708 - red_cnt : 1   blue_cnt : 0
2021-06-01 11:27:08,598 - red_cnt : 0   blue_cnt : 1
2021-06-01 11:28:10,333 - red_cnt : 0   blue_cnt : 2
2021-06-01 11:29:02,014 - red_cnt : 1   blue_cnt : 0
2021-06-01 11:30:04,813 - red_cnt : 0   blue_cnt : 1
2021-06-01 11:31:07,081 - red_cnt : 1   blue_cnt : 0
2021-06-01 11:32:09,085 - red_cnt : 2   blue_cnt : 0
2021-06-01 11:33:11,383 - red_cnt : 0   blue_cnt : 1
2021-06-01 11:34:02,807 - red_cnt : 1   blue_cnt : 0
2021-06-01 11:35:04,672 - red_cnt : 2   blue_cnt : 0
2021-06-01 11:36:06,668 - red_cnt : 3   blue_cnt : 0
2021-06-01 11:37:07,900 - skip
2021-06-01 11:38:09,784 - skip
2021-06-01 11:39:01,054 - red_cnt : 0   blue_cnt : 1
2021-06-01 11:40:02,388 - red_cnt : 1   blue_cnt : 0
2021-06-01 11:41:04,328 - red_cnt : 0   blue_cnt : 1
2021-06-01 11:42:06,188 - red_cnt : 1   blue_cnt : 0
2021-06-01 11:43:07,541 - red_cnt : 0   blue_cnt : 1
2021-06-01 11:44:08,746 - red_cnt : 0   blue_cnt : 2
2021-06-01 11:45:10,700 - red_cnt : 1   blue_cnt : 0
2021-06-01 11:46:01,704 - red_cnt : 0   blue_cnt : 1
2021-06-01 11:47:03,564 - red_cnt : 1   blue_cnt : 0
2021-06-01 11:48:05,081 - red_cnt : 2   blue_cnt : 0
2021-06-01 11:49:06,686 - red_cnt : 0   blue_cnt : 1
2021-06-01 11:50:08,289 - skip
2021-06-01 11:51:10,280 - red_cnt : 0   blue_cnt : 2
2021-06-01 11:52:01,933 - skip
2021-06-01 11:53:03,849 - red_cnt : 1   blue_cnt : 0
2021-06-01 11:54:05,313 - red_cnt : 0   blue_cnt : 1
2021-06-01 11:55:06,905 - red_cnt : 1   blue_cnt : 0
2021-06-01 11:56:08,641 - red_cnt : 2   blue_cnt : 0
2021-06-01 11:57:10,338 - red_cnt : 3   blue_cnt : 0
2021-06-01 11:58:02,530 - red_cnt : 0   blue_cnt : 1
2021-06-01 11:59:03,993 - red_cnt : 1   blue_cnt : 0
2021-06-01 12:00:05,482 - red_cnt : 2   blue_cnt : 0
2021-06-01 12:01:06,696 - red_cnt : 0   blue_cnt : 1
2021-06-01 12:02:08,597 - red_cnt : 0   blue_cnt : 2
2021-06-01 12:03:10,482 - skip
2021-06-01 12:04:02,622 - red_cnt : 1   blue_cnt : 0
2021-06-01 12:05:04,156 - red_cnt : 2   blue_cnt : 0
2021-06-01 12:06:05,349 - red_cnt : 3   blue_cnt : 0
2021-06-01 12:07:06,693 - red_cnt : 4   blue_cnt : 0
2021-06-01 12:07:06,694 - sell_ready -  red_cnt : 4   blue_cnt : 0
2021-06-01 12:07:35,476 - sell -   ticker_price : 80990.000000   sell_balance : 2227570.607319  profit : -0.009085   total_profit : -0.003912
2021-06-01 12:08:01,468 - red_cnt : 1   blue_cnt : 0
2021-06-01 12:09:03,741 - red_cnt : 2   blue_cnt : 0
2021-06-01 12:10:06,134 - skip
2021-06-01 12:11:07,609 - red_cnt : 0   blue_cnt : 1
2021-06-01 12:12:09,216 - skip
2021-06-01 12:13:00,483 - red_cnt : 1   blue_cnt : 0
2021-06-01 12:14:01,947 - red_cnt : 2   blue_cnt : 0
2021-06-01 12:15:03,405 - red_cnt : 0   blue_cnt : 1
2021-06-01 12:16:05,124 - red_cnt : 1   blue_cnt : 0
2021-06-01 12:17:07,508 - red_cnt : 2   blue_cnt : 0
2021-06-01 12:18:09,218 - skip
2021-06-01 12:19:01,421 - skip
2021-06-01 12:20:03,321 - red_cnt : 3   blue_cnt : 0
2021-06-01 12:21:04,790 - skip
2021-06-01 12:22:06,397 - red_cnt : 0   blue_cnt : 1
2021-06-01 12:23:08,823 - red_cnt : 0   blue_cnt : 2
2021-06-01 12:24:10,839 - red_cnt : 1   blue_cnt : 0
2021-06-01 12:25:02,260 - red_cnt : 0   blue_cnt : 1
2021-06-01 12:26:03,867 - red_cnt : 0   blue_cnt : 2
2021-06-01 12:27:06,135 - red_cnt : 0   blue_cnt : 3
2021-06-01 12:28:07,491 - red_cnt : 1   blue_cnt : 0
2021-06-01 12:29:09,080 - red_cnt : 0   blue_cnt : 1
2021-06-01 12:30:10,930 - red_cnt : 0   blue_cnt : 2
2021-06-01 12:31:02,722 - red_cnt : 0   blue_cnt : 3
2021-06-01 12:32:04,840 - red_cnt : 0   blue_cnt : 4
2021-06-01 12:32:04,840 - buy_ready -  red_cnt : 0   blue_cnt : 4
2021-06-01 12:35:59,560 - bought - buy_price : 80910.000000   buy_balance : 2227570.607319
2021-06-01 12:36:04,759 - red_cnt : 1   blue_cnt : 0
2021-06-01 12:37:06,482 - red_cnt : 2   blue_cnt : 0
2021-06-01 12:38:08,112 - red_cnt : 0   blue_cnt : 1
2021-06-01 12:39:09,977 - red_cnt : 1   blue_cnt : 0
2021-06-01 12:40:11,550 - red_cnt : 2   blue_cnt : 0
2021-06-01 12:41:03,608 - red_cnt : 0   blue_cnt : 1
2021-06-01 12:42:05,602 - red_cnt : 0   blue_cnt : 2
2021-06-01 12:43:07,457 - red_cnt : 1   blue_cnt : 0
2021-06-01 12:44:09,980 - skip
2021-06-01 12:45:11,704 - red_cnt : 2   blue_cnt : 0
2021-06-01 12:46:03,645 - red_cnt : 0   blue_cnt : 1
2021-06-01 12:47:05,645 - red_cnt : 0   blue_cnt : 2
2021-06-01 12:48:07,643 - skip
2021-06-01 12:49:09,370 - red_cnt : 1   blue_cnt : 0
2021-06-01 12:50:01,156 - red_cnt : 0   blue_cnt : 1
2021-06-01 12:51:13,199 - red_cnt : 1   blue_cnt : 0
2021-06-01 12:52:04,976 - red_cnt : 2   blue_cnt : 0
2021-06-01 12:53:07,382 - red_cnt : 3   blue_cnt : 0
2021-06-01 12:54:09,247 - red_cnt : 4   blue_cnt : 0
2021-06-01 12:54:09,247 - sell_ready -  red_cnt : 4   blue_cnt : 0
2021-06-01 12:58:29,473 - sell -   ticker_price : 80880.000000   sell_balance : 2220871.889820  profit : -0.003007   total_profit : -0.006920
2021-06-01 12:58:34,669 - red_cnt : 1   blue_cnt : 0
2021-06-01 12:59:05,405 - red_cnt : 0   blue_cnt : 1
2021-06-01 13:00:07,145 - skip
2021-06-01 13:01:09,396 - red_cnt : 0   blue_cnt : 2
2021-06-01 13:02:11,256 - red_cnt : 0   blue_cnt : 3
2021-06-01 13:03:02,240 - red_cnt : 1   blue_cnt : 0
2021-06-01 13:04:03,435 - red_cnt : 2   blue_cnt : 0
2021-06-01 13:05:04,911 - skip
2021-06-01 13:06:06,374 - red_cnt : 0   blue_cnt : 1
2021-06-01 13:07:08,359 - red_cnt : 1   blue_cnt : 0
2021-06-01 13:08:10,088 - red_cnt : 2   blue_cnt : 0
2021-06-01 13:09:01,069 - skip
2021-06-01 13:10:02,670 - red_cnt : 0   blue_cnt : 1
2021-06-01 13:11:05,059 - red_cnt : 1   blue_cnt : 0
2021-06-01 13:12:06,918 - skip
2021-06-01 13:13:09,029 - red_cnt : 0   blue_cnt : 1
2021-06-01 13:14:10,496 - red_cnt : 1   blue_cnt : 0
2021-06-01 13:15:01,646 - red_cnt : 2   blue_cnt : 0
2021-06-01 13:16:02,977 - skip
2021-06-01 13:17:04,849 - red_cnt : 0   blue_cnt : 1
2021-06-01 13:18:06,832 - red_cnt : 0   blue_cnt : 2
2021-06-01 13:19:08,555 - red_cnt : 1   blue_cnt : 0
2021-06-01 13:20:10,016 - skip
2021-06-01 13:21:01,697 - red_cnt : 2   blue_cnt : 0
2021-06-01 13:22:03,570 - red_cnt : 3   blue_cnt : 0
2021-06-01 13:23:04,883 - red_cnt : 0   blue_cnt : 1
2021-06-01 13:24:06,738 - red_cnt : 0   blue_cnt : 2
2021-06-01 13:25:08,199 - red_cnt : 1   blue_cnt : 0
2021-06-01 13:26:09,526 - red_cnt : 2   blue_cnt : 0
2021-06-01 13:27:01,047 - red_cnt : 0   blue_cnt : 1
2021-06-01 13:28:02,512 - red_cnt : 1   blue_cnt : 0
2021-06-01 13:29:04,226 - red_cnt : 0   blue_cnt : 1
2021-06-01 13:30:06,351 - red_cnt : 1   blue_cnt : 0
2021-06-01 13:31:07,830 - red_cnt : 0   blue_cnt : 1
2021-06-01 13:32:09,825 - red_cnt : 0   blue_cnt : 2
2021-06-01 13:33:11,162 - skip
2021-06-01 13:34:02,167 - red_cnt : 1   blue_cnt : 0
2021-06-01 13:35:04,166 - red_cnt : 2   blue_cnt : 0
2021-06-01 13:36:05,743 - red_cnt : 3   blue_cnt : 0
2021-06-01 13:37:07,994 - red_cnt : 0   blue_cnt : 1
2021-06-01 13:38:10,013 - red_cnt : 1   blue_cnt : 0
2021-06-01 13:39:01,527 - red_cnt : 2   blue_cnt : 0
2021-06-01 13:40:02,859 - red_cnt : 0   blue_cnt : 1
2021-06-01 13:41:04,441 - red_cnt : 0   blue_cnt : 2
2021-06-01 13:42:05,899 - skip
2021-06-01 13:43:07,763 - red_cnt : 0   blue_cnt : 3
2021-06-01 13:44:09,672 - red_cnt : 1   blue_cnt : 0
2021-06-01 13:45:00,936 - skip
2021-06-01 13:46:03,062 - red_cnt : 0   blue_cnt : 1
2021-06-01 13:47:04,518 - red_cnt : 1   blue_cnt : 0
2021-06-01 13:48:06,022 - red_cnt : 0   blue_cnt : 1
2021-06-01 13:49:08,706 - red_cnt : 1   blue_cnt : 0
2021-06-01 13:50:10,035 - skip
2021-06-01 13:51:11,364 - red_cnt : 0   blue_cnt : 1
2021-06-01 13:52:03,014 - red_cnt : 0   blue_cnt : 2
2021-06-01 13:53:04,733 - red_cnt : 1   blue_cnt : 0
2021-06-01 13:54:06,722 - red_cnt : 0   blue_cnt : 1
2021-06-01 13:55:07,906 - skip
2021-06-01 13:56:09,642 - red_cnt : 1   blue_cnt : 0
2021-06-01 13:57:11,111 - red_cnt : 0   blue_cnt : 1
2021-06-01 13:58:02,121 - red_cnt : 0   blue_cnt : 2
2021-06-01 13:59:03,900 - red_cnt : 0   blue_cnt : 3
2021-06-01 14:00:05,247 - red_cnt : 0   blue_cnt : 4
2021-06-01 14:00:05,248 - buy_ready -  red_cnt : 0   blue_cnt : 4
2021-06-01 14:00:54,290 - bought - buy_price : 81090.000000   buy_balance : 2220871.889820
2021-06-01 14:01:10,074 - red_cnt : 1   blue_cnt : 0
2021-06-01 14:02:11,821 - red_cnt : 2   blue_cnt : 0
2021-06-01 14:03:03,500 - red_cnt : 3   blue_cnt : 0
2021-06-01 14:04:04,812 - red_cnt : 4   blue_cnt : 0
2021-06-01 14:04:04,813 - sell_ready -  red_cnt : 4   blue_cnt : 0
2021-06-01 14:05:26,078 - sell -   ticker_price : 81340.000000   sell_balance : 2224954.281631  profit : 0.001838   total_profit : -0.005081
2021-06-01 14:05:31,278 - red_cnt : 0   blue_cnt : 1
2021-06-01 14:06:01,866 - red_cnt : 0   blue_cnt : 2
2021-06-01 14:07:03,452 - red_cnt : 1   blue_cnt : 0
2021-06-01 14:08:04,913 - red_cnt : 2   blue_cnt : 0
2021-06-01 14:09:06,373 - red_cnt : 0   blue_cnt : 1
2021-06-01 14:10:07,974 - skip
2021-06-01 14:11:09,544 - red_cnt : 1   blue_cnt : 0
2021-06-01 14:12:11,021 - red_cnt : 2   blue_cnt : 0
2021-06-01 14:13:02,424 - red_cnt : 0   blue_cnt : 1
2021-06-01 14:14:04,568 - red_cnt : 0   blue_cnt : 2
2021-06-01 14:15:06,814 - red_cnt : 0   blue_cnt : 3
2021-06-01 14:16:08,667 - red_cnt : 0   blue_cnt : 4
2021-06-01 14:16:08,667 - buy_ready -  red_cnt : 0   blue_cnt : 4
2021-06-01 14:16:42,645 - bought - buy_price : 81460.000000   buy_balance : 2224954.281631
2021-06-01 14:17:08,367 - red_cnt : 1   blue_cnt : 0
2021-06-01 14:18:10,361 - red_cnt : 2   blue_cnt : 0
2021-06-01 14:19:02,020 - red_cnt : 3   blue_cnt : 0
2021-06-01 14:20:03,882 - red_cnt : 4   blue_cnt : 0
2021-06-01 14:20:03,882 - sell_ready -  red_cnt : 4   blue_cnt : 0
2021-06-01 14:25:27,482 - sell -   ticker_price : 81580.000000   sell_balance : 2225734.498651  profit : 0.000351   total_profit : -0.004731
2021-06-01 14:25:32,677 - red_cnt : 1   blue_cnt : 0
2021-06-01 14:26:03,415 - red_cnt : 0   blue_cnt : 1
2021-06-01 14:27:05,138 - red_cnt : 0   blue_cnt : 2
2021-06-01 14:28:06,737 - red_cnt : 0   blue_cnt : 3
2021-06-01 14:29:08,326 - red_cnt : 1   blue_cnt : 0
2021-06-01 14:30:10,446 - red_cnt : 2   blue_cnt : 0
2021-06-01 14:31:01,700 - red_cnt : 0   blue_cnt : 1
2021-06-01 14:32:03,958 - red_cnt : 1   blue_cnt : 0
2021-06-01 14:33:05,930 - red_cnt : 2   blue_cnt : 0
2021-06-01 14:34:07,659 - skip
2021-06-01 14:35:09,399 - red_cnt : 3   blue_cnt : 0
2021-06-01 14:36:10,730 - red_cnt : 0   blue_cnt : 1
2021-06-01 14:37:02,516 - red_cnt : 1   blue_cnt : 0
2021-06-01 14:38:04,106 - red_cnt : 2   blue_cnt : 0
2021-06-01 14:39:06,391 - skip
2021-06-01 14:40:07,839 - red_cnt : 3   blue_cnt : 0
2021-06-01 14:41:09,172 - red_cnt : 0   blue_cnt : 1
2021-06-01 14:42:11,018 - red_cnt : 0   blue_cnt : 2
2021-06-01 14:43:02,810 - red_cnt : 1   blue_cnt : 0
2021-06-01 14:44:04,262 - red_cnt : 2   blue_cnt : 0
2021-06-01 14:45:06,127 - red_cnt : 0   blue_cnt : 1
2021-06-01 14:46:07,451 - red_cnt : 1   blue_cnt : 0
2021-06-01 14:47:09,167 - red_cnt : 2   blue_cnt : 0
2021-06-01 14:48:00,690 - red_cnt : 3   blue_cnt : 0
2021-06-01 14:49:03,352 - red_cnt : 0   blue_cnt : 1
2021-06-01 14:50:05,207 - red_cnt : 0   blue_cnt : 2
2021-06-01 14:51:07,215 - red_cnt : 1   blue_cnt : 0
2021-06-01 14:52:08,551 - red_cnt : 2   blue_cnt : 0
2021-06-01 14:53:10,008 - red_cnt : 0   blue_cnt : 1
2021-06-01 14:54:01,806 - red_cnt : 0   blue_cnt : 2
2021-06-01 14:55:03,255 - red_cnt : 0   blue_cnt : 3
2021-06-01 14:56:05,110 - red_cnt : 0   blue_cnt : 4
2021-06-01 14:56:05,110 - buy_ready -  red_cnt : 0   blue_cnt : 4
2021-06-01 14:59:07,180 - bought - buy_price : 82060.000000   buy_balance : 2225734.498651
2021-06-01 14:59:12,371 - red_cnt : 1   blue_cnt : 0
2021-06-01 15:00:03,889 - red_cnt : 0   blue_cnt : 1
2021-06-01 15:01:05,077 - red_cnt : 0   blue_cnt : 2
2021-06-01 15:02:06,660 - red_cnt : 1   blue_cnt : 0
2021-06-01 15:03:08,530 - red_cnt : 2   blue_cnt : 0
2021-06-01 15:04:10,530 - red_cnt : 3   blue_cnt : 0
2021-06-01 15:05:01,644 - red_cnt : 0   blue_cnt : 1
2021-06-01 15:06:03,373 - red_cnt : 0   blue_cnt : 2
2021-06-01 15:07:04,557 - red_cnt : 0   blue_cnt : 3
2021-06-01 15:08:05,873 - red_cnt : 0   blue_cnt : 4
2021-06-01 15:09:07,767 - red_cnt : 1   blue_cnt : 0
2021-06-01 15:10:09,888 - red_cnt : 0   blue_cnt : 1
2021-06-01 15:11:11,622 - red_cnt : 0   blue_cnt : 2
2021-06-01 15:12:02,615 - skip
2021-06-01 15:13:04,340 - red_cnt : 0   blue_cnt : 3
2021-06-01 15:14:06,596 - skip
2021-06-01 15:15:07,912 - red_cnt : 1   blue_cnt : 0
2021-06-01 15:16:09,218 - red_cnt : 0   blue_cnt : 1
2021-06-01 15:17:10,818 - red_cnt : 0   blue_cnt : 2
2021-06-01 15:18:01,936 - red_cnt : 1   blue_cnt : 0
2021-06-01 15:19:03,671 - red_cnt : 0   blue_cnt : 1
2021-06-01 15:20:06,074 - red_cnt : 1   blue_cnt : 0
2021-06-01 15:21:07,644 - red_cnt : 0   blue_cnt : 1
2021-06-01 15:22:09,619 - skip
2021-06-01 15:23:00,749 - red_cnt : 0   blue_cnt : 2
2021-06-01 15:24:02,459 - skip
2021-06-01 15:25:04,443 - red_cnt : 0   blue_cnt : 3
2021-06-01 15:26:06,837 - red_cnt : 1   blue_cnt : 0
2021-06-01 15:27:09,035 - red_cnt : 2   blue_cnt : 0
2021-06-01 15:28:00,485 - skip
2021-06-01 15:29:02,324 - red_cnt : 3   blue_cnt : 0
2021-06-01 15:30:04,436 - skip
2021-06-01 15:31:05,771 - red_cnt : 0   blue_cnt : 1
2021-06-01 15:32:07,490 - red_cnt : 0   blue_cnt : 2
2021-06-01 15:33:08,680 - red_cnt : 1   blue_cnt : 0
2021-06-01 15:34:10,142 - red_cnt : 0   blue_cnt : 1
2021-06-01 15:35:01,262 - red_cnt : 0   blue_cnt : 2
2021-06-01 15:36:03,658 - red_cnt : 1   blue_cnt : 0
2021-06-01 15:37:05,514 - red_cnt : 2   blue_cnt : 0
2021-06-01 15:38:07,378 - skip
2021-06-01 15:39:09,221 - red_cnt : 0   blue_cnt : 1
2021-06-01 15:40:01,666 - red_cnt : 1   blue_cnt : 0
2021-06-01 15:41:04,315 - red_cnt : 0   blue_cnt : 1
2021-06-01 15:42:06,027 - red_cnt : 1   blue_cnt : 0
2021-06-01 15:43:07,487 - red_cnt : 0   blue_cnt : 1
2021-06-01 15:44:09,482 - red_cnt : 1   blue_cnt : 0
2021-06-01 15:45:11,602 - skip
2021-06-01 15:46:02,729 - red_cnt : 0   blue_cnt : 1
2021-06-01 15:47:04,179 - red_cnt : 1   blue_cnt : 0
2021-06-01 15:48:05,909 - red_cnt : 2   blue_cnt : 0
2021-06-01 15:49:07,235 - red_cnt : 3   blue_cnt : 0
2021-06-01 15:50:09,088 - red_cnt : 0   blue_cnt : 1
2021-06-01 15:51:10,942 - red_cnt : 0   blue_cnt : 2
2021-06-01 15:52:02,853 - red_cnt : 1   blue_cnt : 0
2021-06-01 15:53:04,690 - red_cnt : 2   blue_cnt : 0
2021-06-01 15:54:06,607 - red_cnt : 3   blue_cnt : 0
2021-06-01 15:55:08,606 - red_cnt : 0   blue_cnt : 1
2021-06-01 15:56:10,182 - red_cnt : 1   blue_cnt : 0
2021-06-01 15:57:11,630 - red_cnt : 2   blue_cnt : 0
2021-06-01 15:58:02,742 - skip
2021-06-01 15:59:04,213 - skip
2021-06-01 16:00:05,529 - red_cnt : 0   blue_cnt : 1
2021-06-01 16:01:06,983 - red_cnt : 1   blue_cnt : 0
2021-06-01 16:02:08,700 - red_cnt : 2   blue_cnt : 0
2021-06-01 16:03:10,147 - red_cnt : 3   blue_cnt : 0
2021-06-01 16:04:02,063 - red_cnt : 4   blue_cnt : 0
2021-06-01 16:04:02,063 - sell_ready -  red_cnt : 4   blue_cnt : 0
2021-06-01 16:04:30,704 - sell -   ticker_price : 81440.000000   sell_balance : 2206634.574818  profit : -0.008581   total_profit : -0.013312
2021-06-01 16:05:06,625 - skip
2021-06-01 16:06:08,755 - red_cnt : 0   blue_cnt : 1
2021-06-01 16:07:10,989 - red_cnt : 0   blue_cnt : 2
2021-06-01 16:08:02,107 - red_cnt : 1   blue_cnt : 0
2021-06-01 16:09:03,281 - skip
2021-06-01 16:10:05,277 - red_cnt : 2   blue_cnt : 0
2021-06-01 16:11:06,471 - red_cnt : 0   blue_cnt : 1
2021-06-01 16:12:07,665 - red_cnt : 0   blue_cnt : 2
2021-06-01 16:13:09,783 - skip
2021-06-01 16:14:00,815 - red_cnt : 1   blue_cnt : 0
2021-06-01 16:15:02,262 - red_cnt : 2   blue_cnt : 0
2021-06-01 16:16:04,517 - red_cnt : 0   blue_cnt : 1
2021-06-01 16:17:06,573 - skip
2021-06-01 16:18:08,750 - skip
2021-06-01 16:19:10,339 - red_cnt : 0   blue_cnt : 2
2021-06-01 16:20:01,728 - red_cnt : 0   blue_cnt : 3
2021-06-01 16:21:03,987 - red_cnt : 1   blue_cnt : 0
2021-06-01 16:22:05,587 - red_cnt : 2   blue_cnt : 0
2021-06-01 16:23:06,776 - red_cnt : 0   blue_cnt : 1
2021-06-01 16:24:08,489 - red_cnt : 1   blue_cnt : 0
2021-06-01 16:25:10,348 - red_cnt : 0   blue_cnt : 1
2021-06-01 16:26:01,604 - red_cnt : 0   blue_cnt : 2
2021-06-01 16:27:03,058 - red_cnt : 0   blue_cnt : 3
2021-06-01 16:28:04,509 - skip
2021-06-01 16:29:05,822 - red_cnt : 0   blue_cnt : 4
2021-06-01 16:29:05,822 - buy_ready -  red_cnt : 0   blue_cnt : 4
2021-06-01 16:29:39,737 - bought - buy_price : 80800.000000   buy_balance : 2206634.574818
2021-06-01 16:30:05,595 - skip
2021-06-01 16:31:07,586 - red_cnt : 1   blue_cnt : 0
2021-06-01 16:32:09,040 - red_cnt : 0   blue_cnt : 1
2021-06-01 16:33:11,035 - red_cnt : 0   blue_cnt : 2
2021-06-01 16:34:02,816 - red_cnt : 0   blue_cnt : 3
2021-06-01 16:35:04,393 - red_cnt : 0   blue_cnt : 4
2021-06-01 16:36:06,928 - red_cnt : 1   blue_cnt : 0
2021-06-01 16:37:09,043 - red_cnt : 0   blue_cnt : 1
2021-06-01 16:38:10,894 - red_cnt : 1   blue_cnt : 0
2021-06-01 16:39:02,685 - red_cnt : 2   blue_cnt : 0
2021-06-01 16:40:04,414 - red_cnt : 3   blue_cnt : 0
2021-06-01 16:41:06,388 - red_cnt : 4   blue_cnt : 0
2021-06-01 16:41:06,388 - sell_ready -  red_cnt : 4   blue_cnt : 0
2021-06-01 16:45:28,835 - sell -   ticker_price : 80740.000000   sell_balance : 2202785.048564  profit : -0.001745   total_profit : -0.015057
2021-06-01 16:45:34,030 - red_cnt : 0   blue_cnt : 1
2021-06-01 16:46:04,624 - red_cnt : 1   blue_cnt : 0
2021-06-01 16:47:06,469 - red_cnt : 0   blue_cnt : 1
2021-06-01 16:48:07,797 - red_cnt : 0   blue_cnt : 2
2021-06-01 16:49:09,662 - skip
2021-06-01 16:50:00,910 - skip
2021-06-01 16:51:02,371 - red_cnt : 1   blue_cnt : 0
2021-06-01 16:52:04,361 - red_cnt : 0   blue_cnt : 1
2021-06-01 16:53:05,672 - red_cnt : 0   blue_cnt : 2
2021-06-01 16:54:06,990 - red_cnt : 1   blue_cnt : 0
2021-06-01 16:55:08,434 - red_cnt : 0   blue_cnt : 1
2021-06-01 16:56:10,149 - red_cnt : 1   blue_cnt : 0
2021-06-01 16:57:01,551 - red_cnt : 2   blue_cnt : 0
2021-06-01 16:58:03,269 - red_cnt : 0   blue_cnt : 1
2021-06-01 16:59:04,983 - red_cnt : 1   blue_cnt : 0
2021-06-01 17:00:06,430 - red_cnt : 2   blue_cnt : 0
2021-06-01 17:01:08,416 - red_cnt : 3   blue_cnt : 0
2021-06-01 17:02:10,536 - skip
2021-06-01 17:03:02,191 - red_cnt : 0   blue_cnt : 1
2021-06-01 17:04:03,640 - red_cnt : 0   blue_cnt : 2
2021-06-01 17:05:05,754 - red_cnt : 0   blue_cnt : 3
2021-06-01 17:06:07,605 - red_cnt : 0   blue_cnt : 4
2021-06-01 17:06:07,605 - buy_ready -  red_cnt : 0   blue_cnt : 4
2021-06-01 17:08:40,761 - bought - buy_price : 80780.000000   buy_balance : 2202785.048564
2021-06-01 17:08:45,954 - red_cnt : 0   blue_cnt : 1
2021-06-01 17:09:06,867 - red_cnt : 1   blue_cnt : 0
2021-06-01 17:10:09,118 - red_cnt : 0   blue_cnt : 1
2021-06-01 17:11:10,722 - red_cnt : 0   blue_cnt : 2
2021-06-01 17:12:12,178 - red_cnt : 0   blue_cnt : 3
2021-06-01 17:13:03,170 - red_cnt : 1   blue_cnt : 0
2021-06-01 17:14:04,888 - red_cnt : 2   blue_cnt : 0
2021-06-01 17:15:07,279 - skip
2021-06-01 17:16:08,469 - red_cnt : 3   blue_cnt : 0
2021-06-01 17:17:09,916 - skip
2021-06-01 17:18:01,967 - red_cnt : 0   blue_cnt : 1
2021-06-01 17:19:04,212 - red_cnt : 1   blue_cnt : 0
2021-06-01 17:20:06,197 - red_cnt : 2   blue_cnt : 0
2021-06-01 17:21:08,311 - red_cnt : 3   blue_cnt : 0
2021-06-01 17:22:09,758 - red_cnt : 4   blue_cnt : 0
2021-06-01 17:22:09,758 - sell_ready -  red_cnt : 4   blue_cnt : 0
2021-06-01 17:22:38,650 - sell -   ticker_price : 79930.000000   sell_balance : 2177754.328207  profit : -0.011363   total_profit : -0.026420
2021-06-01 17:23:04,238 - red_cnt : 0   blue_cnt : 1
2021-06-01 17:24:05,426 - skip
2021-06-01 17:25:07,136 - skip
2021-06-01 17:26:08,446 - red_cnt : 1   blue_cnt : 0
2021-06-01 17:27:10,017 - red_cnt : 0   blue_cnt : 1
2021-06-01 17:28:01,949 - red_cnt : 0   blue_cnt : 2
2021-06-01 17:29:03,943 - red_cnt : 0   blue_cnt : 3
2021-06-01 17:30:05,782 - skip
2021-06-01 17:31:07,773 - red_cnt : 1   blue_cnt : 0
2021-06-01 17:32:10,022 - red_cnt : 0   blue_cnt : 1
2021-06-01 17:33:01,954 - red_cnt : 1   blue_cnt : 0
2021-06-01 17:34:03,938 - red_cnt : 2   blue_cnt : 0
2021-06-01 17:35:05,784 - red_cnt : 0   blue_cnt : 1
2021-06-01 17:36:07,780 - red_cnt : 1   blue_cnt : 0
2021-06-01 17:37:08,963 - red_cnt : 2   blue_cnt : 0
2021-06-01 17:38:10,422 - red_cnt : 0   blue_cnt : 1
2021-06-01 17:39:01,813 - skip
2021-06-01 17:40:03,118 - red_cnt : 1   blue_cnt : 0
2021-06-01 17:41:04,575 - red_cnt : 2   blue_cnt : 0
2021-06-01 17:42:05,893 - red_cnt : 0   blue_cnt : 1
2021-06-01 17:43:08,280 - red_cnt : 0   blue_cnt : 2
2021-06-01 17:44:10,002 - red_cnt : 0   blue_cnt : 3
2021-06-01 17:45:11,317 - red_cnt : 1   blue_cnt : 0
2021-06-01 17:46:02,304 - red_cnt : 2   blue_cnt : 0
2021-06-01 17:47:04,420 - red_cnt : 0   blue_cnt : 1
2021-06-01 17:48:06,803 - skip
